--- Startup times for process: Primary (or UI client) ---

times in msec
 clock   self+sourced   self:  sourced script
 clock   elapsed:              other lines

000.000  000.000: --- NVIM STARTING ---
000.057  000.057: event init
000.160  000.103: early init
000.450  000.290: locale set
000.472  000.022: init first window
000.760  000.288: inits 1
000.766  000.006: window checked
000.881  000.115: parsing arguments
001.184  000.026  000.026: require('vim.shared')
001.235  000.021  000.021: require('vim.inspect')
001.258  000.019  000.019: require('vim._options')
001.261  000.075  000.036: require('vim._editor')
001.285  000.023  000.023: require('vim._system')
001.286  000.147  000.022: require('vim._init_packages')
001.286  000.258: init lua interpreter
005.714  004.427: nvim_ui_attach
005.909  000.195: nvim_set_client_info
005.911  000.002: --- NVIM STARTED ---

--- Startup times for process: Embedded ---

times in msec
 clock   self+sourced   self:  sourced script
 clock   elapsed:              other lines

000.000  000.000: --- NVIM STARTING ---
000.503  000.503: event init
000.586  000.083: early init
000.918  000.332: locale set
000.956  000.037: init first window
001.286  000.330: inits 1
001.306  000.020: window checked
001.389  000.083: parsing arguments
001.690  000.026  000.026: require('vim.shared')
001.747  000.024  000.024: require('vim.inspect')
001.770  000.019  000.019: require('vim._options')
001.773  000.079  000.036: require('vim._editor')
001.811  000.037  000.037: require('vim._system')
001.812  000.164  000.021: require('vim._init_packages')
001.813  000.260: init lua interpreter
006.657  004.844: expanding arguments
006.672  000.016: inits 2
006.846  000.173: init highlight
006.846  000.001: waiting for UI
006.952  000.106: done waiting for UI
006.955  000.003: clear screen
007.061  000.009  000.009: require('vim.keymap')
007.712  000.112  000.112: sourcing nvim_exec2()
007.879  000.920  000.799: require('vim._defaults')
007.880  000.006: init default mappings & autocommands
008.308  000.047  000.047: sourcing /Users/lijia/Downloads/nvim-macos-arm64/share/nvim/runtime/ftplugin.vim
008.376  000.017  000.017: sourcing /Users/lijia/Downloads/nvim-macos-arm64/share/nvim/runtime/indent.vim
008.573  000.030  000.030: require('vim.fs')
008.871  000.295  000.295: require('vim.uri')
008.881  000.375  000.049: require('vim.loader')
008.901  000.007  000.007: sourcing nvim_exec2() called at /Users/lijia/dotfile/nvim/.config/nvim/init.lua:0
011.342  000.130  000.130: require('vim._extui.shared')
011.483  000.136  000.136: require('vim._extui.messages')
011.582  000.098  000.098: require('vim._extui.cmdline')
011.585  000.853  000.489: require('vim._extui')
015.810  000.143  000.143: require('vim.treesitter.language')
015.974  000.158  000.158: require('vim.func')
016.123  000.147  000.147: require('vim.treesitter._range')
016.361  000.236  000.236: require('vim.func._memoize')
016.444  000.953  000.268: require('vim.treesitter.query')
016.519  001.215  000.262: require('vim.treesitter.languagetree')
016.531  001.506  000.291: require('vim.treesitter')
016.704  000.161  000.161: require('vim.treesitter._fold')
017.599  000.529  000.529: require('vim.lsp.protocol')
017.656  000.681  000.152: require('vim.lsp.log')
017.854  000.196  000.196: require('vim.lsp.util')
018.420  000.206  000.206: require('vim.lsp.sync')
018.430  000.575  000.369: require('vim.lsp._changetracking')
018.848  000.220  000.220: require('vim.lsp._transport')
019.032  000.004  000.004: require('string.buffer')
019.033  000.123  000.118: require('vim._stringbuffer')
019.039  000.606  000.264: require('vim.lsp.rpc')
019.074  002.247  000.190: require('vim.lsp')
019.125  010.215  005.448: require('config.settings')
019.972  000.621  000.621: require('lazy')
020.000  000.014  000.014: require('ffi')
020.125  000.122  000.122: require('lazy.stats')
020.295  000.138  000.138: require('lazy.core.util')
020.568  000.272  000.272: require('lazy.core.config')
020.834  000.098  000.098: require('lazy.core.handler')
021.190  000.112  000.112: require('lazy.pkg')
021.193  000.258  000.146: require('lazy.core.meta')
021.196  000.361  000.102: require('lazy.core.plugin')
021.200  000.631  000.172: require('lazy.core.loader')
021.942  000.262  000.262: require('lazy.core.fragments')
028.367  000.315  000.315: require('lazy.core.handler.cmd')
028.685  000.200  000.200: require('lazy.core.handler.event')
028.692  000.317  000.118: require('lazy.core.handler.ft')
028.905  000.205  000.205: require('lazy.core.handler.keys')
029.711  000.008  000.008: sourcing nvim_exec2() called at /Users/lijia/dotfile/nvim/.config/nvim/init.lua:0
029.734  000.001  000.001: sourcing nvim_exec2() called at /Users/lijia/dotfile/nvim/.config/nvim/init.lua:0
030.016  000.001  000.001: sourcing nvim_exec2() called at /Users/lijia/dotfile/nvim/.config/nvim/init.lua:0
030.023  000.001  000.001: sourcing nvim_exec2() called at /Users/lijia/dotfile/nvim/.config/nvim/init.lua:0
030.834  000.002  000.002: sourcing nvim_exec2() called at /Users/lijia/dotfile/nvim/.config/nvim/init.lua:0
030.843  000.001  000.001: sourcing nvim_exec2() called at /Users/lijia/dotfile/nvim/.config/nvim/init.lua:0
031.010  000.001  000.001: sourcing nvim_exec2() called at /Users/lijia/dotfile/nvim/.config/nvim/init.lua:0
031.018  000.001  000.001: sourcing nvim_exec2() called at /Users/lijia/dotfile/nvim/.config/nvim/init.lua:0
031.391  000.164  000.164: sourcing nvim_exec2() called at /Users/lijia/Downloads/nvim-macos-arm64/share/nvim/runtime/filetype.lua:0
031.393  000.254  000.091: sourcing /Users/lijia/Downloads/nvim-macos-arm64/share/nvim/runtime/filetype.lua
031.395  000.352  000.098: sourcing nvim_exec2() called at /Users/lijia/dotfile/nvim/.config/nvim/init.lua:0
031.534  000.013  000.013: sourcing nvim_exec2() called at /Users/lijia/dotfile/nvim/.config/nvim/init.lua:0
031.749  000.025  000.025: sourcing /Users/lijia/.local/share/nvim/lazy/nightfox.nvim/plugin/nightfox.vim
031.753  000.071  000.046: sourcing nvim_exec2() called at /Users/lijia/dotfile/nvim/.config/nvim/init.lua:0
031.756  000.001  000.001: sourcing nvim_exec2() called at /Users/lijia/dotfile/nvim/.config/nvim/init.lua:0
031.761  000.001  000.001: sourcing nvim_exec2() called at /Users/lijia/dotfile/nvim/.config/nvim/init.lua:0
036.615  000.234  000.234: require('nightfox.lib.collect')
036.735  000.117  000.117: require('nightfox.util')
036.854  003.344  002.994: require('nightfox.config')
036.955  000.099  000.099: require('nightfox')
037.042  000.086  000.086: require('nightfox.override')
037.186  000.102  000.102: require('nightfox.lib.hash')
037.777  004.346  000.715: sourcing /Users/lijia/.local/share/nvim/lazy/nightfox.nvim/colors/carbonfox.vim
037.783  006.018  001.672: sourcing nvim_exec2() called at /Users/lijia/dotfile/nvim/.config/nvim/init.lua:0
038.157  000.028  000.028: sourcing /Users/lijia/.local/share/nvim/lazy/nvim-web-devicons/plugin/nvim-web-devicons.vim
038.159  000.090  000.062: sourcing nvim_exec2() called at /Users/lijia/dotfile/nvim/.config/nvim/init.lua:0
038.164  000.002  000.002: sourcing nvim_exec2() called at /Users/lijia/dotfile/nvim/.config/nvim/init.lua:0
038.170  000.001  000.001: sourcing nvim_exec2() called at /Users/lijia/dotfile/nvim/.config/nvim/init.lua:0
038.691  000.125  000.125: require('nvim-web-devicons.filetypes')
038.698  000.003  000.003: require('vim.F')
039.077  000.289  000.289: require('nvim-web-devicons.default.icons_by_filename')
039.346  000.268  000.268: require('nvim-web-devicons.default.icons_by_file_extension')
039.466  000.120  000.120: require('nvim-web-devicons.default.icons_by_operating_system')
039.565  000.098  000.098: require('nvim-web-devicons.default.icons_by_desktop_environment')
039.663  000.097  000.097: require('nvim-web-devicons.default.icons_by_window_manager')
039.664  000.962  000.091: require('nvim-web-devicons.icons-default')
039.851  001.678  000.588: require('nvim-web-devicons')
042.007  000.007  000.007: sourcing nvim_exec2() called at /Users/lijia/dotfile/nvim/.config/nvim/init.lua:0
042.014  000.001  000.001: sourcing nvim_exec2() called at /Users/lijia/dotfile/nvim/.config/nvim/init.lua:0
042.255  000.238  000.238: require('utils.utils')
042.729  000.195  000.195: require('nvim-tree.log')
043.235  000.166  000.166: require('nvim-tree.notify')
043.239  000.337  000.171: require('nvim-tree.events')
043.537  000.297  000.297: require('nvim-tree.utils')
043.571  000.841  000.208: require('nvim-tree.view')
044.151  000.158  000.158: require('nvim-tree.core')
044.605  000.285  000.285: require('nvim-tree.git.utils')
044.745  000.138  000.138: require('nvim-tree.renderer.components.devicons')
045.002  000.116  000.116: require('nvim-tree.classic')
045.005  000.259  000.144: require('nvim-tree.node')
045.032  000.879  000.196: require('nvim-tree.node.directory')
045.125  000.093  000.093: require('nvim-tree.iterators.node-iterator')
045.127  001.268  000.138: require('nvim-tree.actions.finders.find-file')
045.215  000.087  000.087: require('nvim-tree.actions.finders.search-node')
045.256  001.530  000.175: require('nvim-tree.actions.finders')
045.538  000.092  000.092: require('nvim-tree.node.file')
045.540  000.191  000.098: require('nvim-tree.actions.fs.create-file')
045.723  000.092  000.092: require('nvim-tree.lib')
046.163  000.213  000.213: require('nvim-tree.node.link')
046.172  000.448  000.236: require('nvim-tree.node.directory-link')
046.177  000.636  000.096: require('nvim-tree.actions.fs.remove-file')
046.293  000.115  000.115: require('nvim-tree.actions.fs.rename-file')
046.395  000.100  000.100: require('nvim-tree.actions.fs.trash')
046.396  001.139  000.097: require('nvim-tree.actions.fs')
046.672  000.093  000.093: require('nvim-tree.diagnostics')
046.674  000.184  000.090: require('nvim-tree.actions.moves.item')
046.770  000.094  000.094: require('nvim-tree.actions.moves.parent')
046.865  000.094  000.094: require('nvim-tree.actions.moves.sibling')
046.866  000.468  000.096: require('nvim-tree.actions.moves')
047.050  000.090  000.090: require('nvim-tree.actions.node.file-popup')
047.308  000.132  000.132: require('nvim-tree.renderer.components.full-name')
047.315  000.264  000.132: require('nvim-tree.actions.node.open-file')
047.528  000.212  000.212: require('nvim-tree.actions.node.run-command')
047.643  000.113  000.113: require('nvim-tree.actions.node.system-open')
047.740  000.095  000.095: require('nvim-tree.actions.node.buffer')
047.742  000.875  000.100: require('nvim-tree.actions.node')
047.931  000.095  000.095: require('nvim-tree.actions.root.change-dir')
048.017  000.085  000.085: require('nvim-tree.actions.root.dir-up')
048.018  000.276  000.096: require('nvim-tree.actions.root')
048.220  000.112  000.112: require('nvim-tree.actions.tree.find-file')
048.400  000.088  000.088: require('nvim-tree.actions.tree.modifiers.collapse')
048.492  000.091  000.091: require('nvim-tree.actions.tree.modifiers.expand')
048.493  000.273  000.094: require('nvim-tree.actions.tree.modifiers')
048.585  000.090  000.090: require('nvim-tree.actions.tree.open')
048.671  000.084  000.084: require('nvim-tree.actions.tree.toggle')
048.754  000.082  000.082: require('nvim-tree.actions.tree.resize')
048.755  000.735  000.094: require('nvim-tree.actions.tree')
048.756  005.184  000.162: require('nvim-tree.actions')
049.042  000.278  000.278: require('vim.diagnostic')
049.062  006.800  000.302: require('nvim-tree')
049.192  000.096  000.096: require('nvim-tree.legacy')
049.829  000.019  000.019: sourcing nvim_exec2() called at /Users/lijia/dotfile/nvim/.config/nvim/init.lua:0
049.836  000.005  000.005: sourcing nvim_exec2() called at /Users/lijia/dotfile/nvim/.config/nvim/init.lua:0
050.043  000.170  000.170: require('nvim-tree.keymap')
050.177  000.132  000.132: require('nvim-tree.appearance')
050.757  000.096  000.096: require('nvim-tree.buffers')
051.006  000.119  000.119: require('nvim-tree.git.runner')
051.105  000.098  000.098: require('nvim-tree.watcher')
051.108  000.349  000.133: require('nvim-tree.git')
051.293  000.101  000.101: require('nvim-tree.node.file-link')
051.294  000.186  000.085: require('nvim-tree.node.factory')
051.387  000.092  000.092: require('nvim-tree.node.root')
051.562  000.085  000.085: require('nvim-tree.enum')
051.566  000.178  000.093: require('nvim-tree.explorer.filters')
051.665  000.098  000.098: require('nvim-tree.marks')
051.780  000.114  000.114: require('nvim-tree.explorer.live-filter')
051.869  000.089  000.089: require('nvim-tree.explorer.sorter')
052.012  000.141  000.141: require('nvim-tree.actions.fs.clipboard')
052.395  000.114  000.114: require('nvim-tree.renderer.decorator')
052.397  000.199  000.085: require('nvim-tree.renderer.decorator.bookmarks')
052.481  000.083  000.083: require('nvim-tree.renderer.decorator.copied')
052.562  000.080  000.080: require('nvim-tree.renderer.decorator.cut')
052.656  000.093  000.093: require('nvim-tree.renderer.decorator.diagnostics')
052.747  000.090  000.090: require('nvim-tree.renderer.decorator.git')
052.828  000.080  000.080: require('nvim-tree.renderer.decorator.hidden')
052.908  000.079  000.079: require('nvim-tree.renderer.decorator.modified')
052.996  000.087  000.087: require('nvim-tree.renderer.decorator.opened')
053.076  000.080  000.080: require('nvim-tree.renderer.decorator.user')
053.160  000.083  000.083: require('nvim-tree.renderer.components.padding')
053.195  001.092  000.138: require('nvim-tree.renderer.builder')
053.230  001.218  000.126: require('nvim-tree.renderer')
053.267  002.774  000.214: require('nvim-tree.explorer')
053.351  000.083  000.083: require('nvim-tree.explorer.watch')
053.440  000.082  000.082: require('nvim-tree.renderer.components')
053.544  000.098  000.098: require('nvim-tree.help')
053.738  000.095  000.095: require('nvim-tree.appearance.hi-test')
053.796  000.250  000.154: require('nvim-tree.api')
053.950  000.093  000.093: require('nvim-tree.commands')
054.282  000.007  000.007: sourcing nvim_exec2() called at /Users/lijia/dotfile/nvim/.config/nvim/init.lua:0
054.289  000.001  000.001: sourcing nvim_exec2() called at /Users/lijia/dotfile/nvim/.config/nvim/init.lua:0
054.421  000.042  000.042: sourcing /Users/lijia/.local/share/nvim/lazy/dropbar.nvim/plugin/dropbar.lua
054.424  000.097  000.055: sourcing nvim_exec2() called at /Users/lijia/dotfile/nvim/.config/nvim/init.lua:0
054.427  000.001  000.001: sourcing nvim_exec2() called at /Users/lijia/dotfile/nvim/.config/nvim/init.lua:0
054.432  000.001  000.001: sourcing nvim_exec2() called at /Users/lijia/dotfile/nvim/.config/nvim/init.lua:0
054.894  000.143  000.143: require('dropbar.hlgroups')
055.276  000.137  000.137: require('dropbar.utils')
055.377  000.100  000.100: require('dropbar.api')
055.393  000.401  000.164: require('dropbar.configs')
055.398  000.503  000.102: require('dropbar.bar')
055.401  000.960  000.314: require('dropbar')
055.883  000.221  000.221: require('dropbar.utils.bar')
056.367  000.400  000.400: require('vim.lsp.client')
056.577  000.139  000.139: require('vim.ui')
056.800  000.221  000.221: require('dropbar.utils.menu')
057.160  000.078  000.078: sourcing /Users/lijia/Downloads/nvim-macos-arm64/share/nvim/runtime/plugin/editorconfig.lua
057.165  000.153  000.075: sourcing nvim_exec2() called at /Users/lijia/dotfile/nvim/.config/nvim/init.lua:0
057.322  000.111  000.111: sourcing /Users/lijia/Downloads/nvim-macos-arm64/share/nvim/runtime/plugin/gzip.vim
057.324  000.152  000.041: sourcing nvim_exec2() called at /Users/lijia/dotfile/nvim/.config/nvim/init.lua:0
057.481  000.119  000.119: sourcing /Users/lijia/Downloads/nvim-macos-arm64/share/nvim/runtime/plugin/man.lua
057.483  000.155  000.036: sourcing nvim_exec2() called at /Users/lijia/dotfile/nvim/.config/nvim/init.lua:0
057.976  000.111  000.111: sourcing /Users/lijia/Downloads/nvim-macos-arm64/share/nvim/runtime/pack/dist/opt/matchit/plugin/matchit.vim
057.986  000.466  000.355: sourcing /Users/lijia/Downloads/nvim-macos-arm64/share/nvim/runtime/plugin/matchit.vim
057.987  000.501  000.035: sourcing nvim_exec2() called at /Users/lijia/dotfile/nvim/.config/nvim/init.lua:0
058.103  000.081  000.081: sourcing /Users/lijia/Downloads/nvim-macos-arm64/share/nvim/runtime/plugin/matchparen.vim
058.105  000.113  000.033: sourcing nvim_exec2() called at /Users/lijia/dotfile/nvim/.config/nvim/init.lua:0
058.564  000.122  000.122: sourcing /Users/lijia/Downloads/nvim-macos-arm64/share/nvim/runtime/pack/dist/opt/netrw/plugin/netrwPlugin.vim
058.573  000.432  000.310: sourcing /Users/lijia/Downloads/nvim-macos-arm64/share/nvim/runtime/plugin/netrwPlugin.vim
058.574  000.464  000.032: sourcing nvim_exec2() called at /Users/lijia/dotfile/nvim/.config/nvim/init.lua:0
058.681  000.065  000.065: sourcing /Users/lijia/Downloads/nvim-macos-arm64/share/nvim/runtime/plugin/nvim/net.lua
058.683  000.106  000.041: sourcing nvim_exec2() called at /Users/lijia/dotfile/nvim/.config/nvim/init.lua:0
058.778  000.055  000.055: sourcing /Users/lijia/Downloads/nvim-macos-arm64/share/nvim/runtime/plugin/osc52.lua
058.780  000.092  000.037: sourcing nvim_exec2() called at /Users/lijia/dotfile/nvim/.config/nvim/init.lua:0
058.957  000.005  000.005: sourcing /Users/lijia/.local/share/nvim/rplugin.vim
058.997  000.178  000.173: sourcing /Users/lijia/Downloads/nvim-macos-arm64/share/nvim/runtime/plugin/rplugin.vim
058.998  000.215  000.037: sourcing nvim_exec2() called at /Users/lijia/dotfile/nvim/.config/nvim/init.lua:0
059.154  000.076  000.076: sourcing /Users/lijia/Downloads/nvim-macos-arm64/share/nvim/runtime/plugin/shada.lua
059.156  000.116  000.040: sourcing nvim_exec2() called at /Users/lijia/dotfile/nvim/.config/nvim/init.lua:0
059.233  000.017  000.017: sourcing /Users/lijia/Downloads/nvim-macos-arm64/share/nvim/runtime/plugin/spellfile.vim
059.236  000.076  000.059: sourcing nvim_exec2() called at /Users/lijia/dotfile/nvim/.config/nvim/init.lua:0
059.344  000.048  000.048: sourcing /Users/lijia/Downloads/nvim-macos-arm64/share/nvim/runtime/plugin/tarPlugin.vim
059.346  000.104  000.056: sourcing nvim_exec2() called at /Users/lijia/dotfile/nvim/.config/nvim/init.lua:0
059.453  000.061  000.061: sourcing /Users/lijia/Downloads/nvim-macos-arm64/share/nvim/runtime/plugin/tohtml.lua
059.456  000.106  000.045: sourcing nvim_exec2() called at /Users/lijia/dotfile/nvim/.config/nvim/init.lua:0
059.510  000.012  000.012: sourcing /Users/lijia/Downloads/nvim-macos-arm64/share/nvim/runtime/plugin/tutor.vim
059.512  000.052  000.041: sourcing nvim_exec2() called at /Users/lijia/dotfile/nvim/.config/nvim/init.lua:0
059.653  000.072  000.072: sourcing /Users/lijia/Downloads/nvim-macos-arm64/share/nvim/runtime/plugin/zipPlugin.vim
059.654  000.111  000.039: sourcing nvim_exec2() called at /Users/lijia/dotfile/nvim/.config/nvim/init.lua:0
059.850  000.064  000.064: sourcing /Users/lijia/.config/nvim/after/plugin/operator.lua
059.852  000.111  000.047: sourcing nvim_exec2() called at /Users/lijia/dotfile/nvim/.config/nvim/init.lua:0
059.908  040.783  014.125: require('config.lazy')
060.268  000.121  000.121: require('utils.lsp_progress')
060.517  000.104  000.104: require('utils.json_store')
060.626  000.325  000.221: require('utils.cross_config')
060.639  000.729  000.283: require('config.statusline')
062.424  000.182  000.182: require('dap.utils')
062.516  000.772  000.590: require('dap')
062.525  000.832  000.060: sourcing /Users/lijia/.local/share/nvim/lazy/nvim-dap-view/plugin/dap-view.lua
062.528  000.884  000.052: sourcing nvim_exec2() called at /Users/lijia/dotfile/nvim/.config/nvim/init.lua:0
062.534  000.002  000.002: sourcing nvim_exec2() called at /Users/lijia/dotfile/nvim/.config/nvim/init.lua:0
062.542  000.001  000.001: sourcing nvim_exec2() called at /Users/lijia/dotfile/nvim/.config/nvim/init.lua:0
062.849  000.089  000.089: require('dap-view.globals')
062.879  000.213  000.124: require('dap-view.highlight')
063.097  000.130  000.130: require('dap-view.util')
063.253  000.154  000.154: require('dap-view.state')
063.627  000.088  000.088: require('dap-view.util.hl')
063.629  000.181  000.093: require('dap-view.views')
063.633  000.286  000.105: require('dap-view.config')
063.634  000.379  000.094: require('dap-view.setup')
064.313  000.133  000.133: require('dap-view.util.statusline')
064.322  000.271  000.138: require('dap-view.options.controls.base')
064.323  000.447  000.176: require('dap-view.options.controls')
064.333  000.698  000.251: require('dap-view.options.winbar')
064.347  001.466  000.105: require('dap-view.autocmds')
064.822  000.170  000.170: require('dap-view.breakpoints.vendor')
064.988  000.165  000.165: require('dap-view.breakpoints.util.extmarks')
065.136  000.147  000.147: require('dap-view.breakpoints.util.treesitter')
065.138  000.657  000.175: require('dap-view.breakpoints.view')
066.019  000.361  000.361: require('dap.ui')
066.029  000.743  000.381: require('dap.ui.widgets')
066.162  000.132  000.132: require('dap-view.util.widgets')
066.164  001.025  000.151: require('dap-view.scopes.view')
066.264  000.098  000.098: require('dap-view.sessions.view')
066.445  000.083  000.083: require('dap-view.util.adapter')
066.535  000.088  000.088: require('dap-view.console.scroll')
066.537  000.273  000.102: require('dap-view.console.view')
066.716  000.091  000.091: require('dap-view.threads.view')
066.804  000.087  000.087: require('dap-view.exceptions.view')
066.898  000.092  000.092: require('dap-view.watches.eval')
066.899  000.361  000.091: require('dap-view.refresher')
066.986  000.086  000.086: require('dap-view.tree.traversal')
066.995  002.648  000.148: require('dap-view.listeners')
067.169  000.078  000.078: require('dap-view.options.autocmd')
067.263  000.093  000.093: require('dap-view.util.tables')
067.266  000.270  000.098: require('dap-view.actions')
067.268  004.709  000.113: require('dap-view')
068.939  000.115  000.115: require('nvim-treesitter.compat')
070.054  000.702  000.702: require('nvim-treesitter.parsers')
070.160  000.105  000.105: require('nvim-treesitter.utils')
070.163  000.970  000.164: require('nvim-treesitter.ts_utils')
070.166  001.225  000.255: require('nvim-treesitter.tsrange')
070.267  000.100  000.100: require('nvim-treesitter.caching')
070.272  001.577  000.137: require('nvim-treesitter.query')
070.279  001.779  000.202: require('nvim-treesitter.configs')
070.280  002.102  000.323: require('nvim-treesitter-textobjects')
070.566  000.082  000.082: require('nvim-treesitter.info')
070.661  000.094  000.094: require('nvim-treesitter.shell_command_selectors')
070.672  000.294  000.118: require('nvim-treesitter.install')
070.751  000.078  000.078: require('nvim-treesitter.statusline')
070.837  000.085  000.085: require('nvim-treesitter.query_predicates')
070.839  000.558  000.101: require('nvim-treesitter')
070.999  000.079  000.079: require('nvim-treesitter.textobjects.shared')
071.001  000.159  000.080: require('nvim-treesitter.textobjects.select')
071.123  000.119  000.119: require('vim.iter')
071.315  000.072  000.072: require('nvim-treesitter.textobjects.attach')
071.397  000.081  000.081: require('nvim-treesitter.textobjects.repeatable_move')
071.400  000.232  000.079: require('nvim-treesitter.textobjects.move')
071.701  000.073  000.073: require('nvim-treesitter.textobjects.swap')
071.828  000.078  000.078: require('nvim-treesitter.textobjects.lsp_interop')
071.839  003.675  000.354: sourcing /Users/lijia/.local/share/nvim/lazy/nvim-treesitter-textobjects/plugin/nvim-treesitter-textobjects.vim
071.841  003.744  000.069: sourcing nvim_exec2() called at /Users/lijia/dotfile/nvim/.config/nvim/init.lua:0
071.849  000.002  000.002: sourcing nvim_exec2() called at /Users/lijia/dotfile/nvim/.config/nvim/init.lua:0
071.855  000.001  000.001: sourcing nvim_exec2() called at /Users/lijia/dotfile/nvim/.config/nvim/init.lua:0
072.596  000.660  000.660: sourcing /Users/lijia/.local/share/nvim/lazy/nvim-treesitter/plugin/nvim-treesitter.lua
072.598  000.710  000.050: sourcing nvim_exec2() called at /Users/lijia/dotfile/nvim/.config/nvim/init.lua:0
072.604  000.001  000.001: sourcing nvim_exec2() called at /Users/lijia/dotfile/nvim/.config/nvim/init.lua:0
072.609  000.001  000.001: sourcing nvim_exec2() called at /Users/lijia/dotfile/nvim/.config/nvim/init.lua:0
073.801  000.091  000.091: require('nvim-treesitter.highlight')
074.097  000.116  000.116: require('nvim-treesitter.locals')
074.100  000.218  000.103: require('nvim-treesitter.incremental_selection')
074.286  000.088  000.088: require('nvim-treesitter.indent')
074.447  000.001  000.001: sourcing nvim_exec2() called at /Users/lijia/dotfile/nvim/.config/nvim/init.lua:0
074.451  000.001  000.001: sourcing nvim_exec2() called at /Users/lijia/dotfile/nvim/.config/nvim/init.lua:0
074.549  000.095  000.095: require('nvim-dap-virtual-text')
074.578  000.009  000.009: sourcing nvim_exec2() called at /Users/lijia/dotfile/nvim/.config/nvim/init.lua:0
074.587  000.007  000.007: sourcing nvim_exec2() called at /Users/lijia/dotfile/nvim/.config/nvim/init.lua:0
074.749  000.072  000.072: sourcing /Users/lijia/.local/share/nvim/lazy/nvim-dap/plugin/dap.lua
074.751  000.112  000.041: sourcing nvim_exec2() called at /Users/lijia/dotfile/nvim/.config/nvim/init.lua:0
074.754  000.001  000.001: sourcing nvim_exec2() called at /Users/lijia/dotfile/nvim/.config/nvim/init.lua:0
074.758  000.001  000.001: sourcing nvim_exec2() called at /Users/lijia/dotfile/nvim/.config/nvim/init.lua:0
074.798  000.007  000.007: sourcing nvim_exec2() called at /Users/lijia/dotfile/nvim/.config/nvim/init.lua:0
075.492  000.155  000.155: require('dap.repl')
076.123  000.332  000.332: require('dap.local-lua')
076.266  000.133  000.133: require('dap.openocd')
076.701  000.005  000.005: sourcing nvim_exec2() called at /Users/lijia/dotfile/nvim/.config/nvim/init.lua:0
076.714  000.001  000.001: sourcing nvim_exec2() called at /Users/lijia/dotfile/nvim/.config/nvim/init.lua:0
077.208  000.106  000.106: require('dap-cortex-debug.config')
077.745  000.143  000.143: require('dap-cortex-debug.utils')
077.748  000.244  000.101: require('dap-cortex-debug.tcp')
078.248  000.186  000.186: require('dap-cortex-debug.buffer')
078.252  000.311  000.125: require('dap-cortex-debug.terminal.base')
078.416  000.162  000.162: require('dap-cortex-debug.terminal.codes')
078.418  000.565  000.092: require('dap-cortex-debug.terminal.term')
078.549  000.130  000.130: require('dap-cortex-debug.terminal.buf')
078.550  000.802  000.106: require('dap-cortex-debug.terminal')
078.555  001.181  000.135: require('dap-cortex-debug.consoles')
078.882  000.142  000.142: require('dap-cortex-debug.hexdump')
078.885  000.329  000.187: require('dap-cortex-debug.memory')
078.887  001.677  000.168: require('dap-cortex-debug.listeners')
079.032  000.144  000.144: require('dap-cortex-debug.adapter')
079.357  000.324  000.324: require('dap-cortex-debug.requests')
079.362  002.643  000.391: require('dap-cortex-debug')
079.603  000.192  000.192: require('dap.ext.vscode')
079.627  003.359  000.518: require('dap-cortex-debug')
079.761  000.121  000.121: require('dap.probe_rs')
079.902  000.130  000.130: require('dap.pyocd')
079.911  019.253  004.338: require('dap')
080.036  000.123  000.123: require('dap.progress')
080.916  000.868  000.868: require('utils.usb_status')
080.944  072.487  000.134: sourcing /Users/lijia/.config/nvim/init.lua
080.964  000.533: sourcing vimrc file(s)
081.144  000.045  000.045: sourcing /Users/lijia/Downloads/nvim-macos-arm64/share/nvim/runtime/filetype.lua
081.380  000.058  000.058: sourcing /Users/lijia/Downloads/nvim-macos-arm64/share/nvim/runtime/syntax/synload.vim
081.431  000.207  000.148: sourcing /Users/lijia/Downloads/nvim-macos-arm64/share/nvim/runtime/syntax/syntax.vim
081.439  000.224: inits 3
083.374  001.936: reading ShaDa
085.040  000.008  000.008: sourcing nvim_exec2() called at BufNewFile Autocommands for "*":0
085.047  000.001  000.001: sourcing nvim_exec2() called at BufNewFile Autocommands for "*":0
086.054  001.002  001.002: require('hlchunk')
087.584  000.268  000.268: require('hlchunk.utils.class')
089.003  001.115  001.115: require('hlchunk.utils.filetype')
089.007  001.420  000.305: require('hlchunk.mods.base_mod.base_conf')
089.445  000.437  000.437: require('hlchunk.utils.scope')
090.873  001.426  001.426: require('hlchunk.utils.cFunc')
090.878  004.133  000.583: require('hlchunk.mods.base_mod')
091.218  000.338  000.338: require('hlchunk.mods.line_num.line_num_conf')
092.893  000.219  000.219: require('hlchunk.utils.ts_node_type.cpp')
093.082  000.186  000.186: require('hlchunk.utils.ts_node_type.css')
093.356  000.272  000.272: require('hlchunk.utils.ts_node_type.lua')
093.667  000.310  000.310: require('hlchunk.utils.ts_node_type.rust')
095.144  001.475  001.475: require('hlchunk.utils.ts_node_type.yaml')
095.470  000.323  000.323: require('hlchunk.utils.ts_node_type.zig')
095.815  000.343  000.343: require('hlchunk.utils.ts_node_type.fortran')
095.818  004.388  001.259: require('hlchunk.utils.ts_node_type')
095.821  004.602  000.214: require('hlchunk.utils.chunkHelper')
095.831  009.766  000.693: require('hlchunk.mods.line_num')
096.664  000.222  000.222: require('hlchunk.mods.chunk.chunk_conf')
097.157  000.265  000.265: require('hlchunk.utils.timer')
097.161  000.494  000.228: require('hlchunk.utils.loopTask')
098.086  000.925  000.925: require('hlchunk.utils.position')
098.097  002.147  000.506: require('hlchunk.mods.chunk')
099.184  000.313  000.313: require('hlchunk.mods.indent.indent_conf')
099.338  000.152  000.152: require('hlchunk.utils.indentHelper')
099.473  000.134  000.134: require('hlchunk.utils.cache')
099.493  001.143  000.544: require('hlchunk.mods.indent')
100.221  000.290  000.290: require('hlchunk.mods.blank.blank_conf')
100.297  000.661  000.371: require('hlchunk.mods.blank')
102.306  001.788  001.788: require('vim.filetype')
104.368  000.522  000.522: require('vim.provider')
104.674  000.301  000.301: require('vim.provider.python')
203.839  000.475  000.475: require('vim.version')
258.828  000.346  000.346: sourcing /Users/lijia/Downloads/nvim-macos-arm64/share/nvim/runtime/autoload/remote/host.vim
258.886  155.278  153.633: sourcing /Users/lijia/Downloads/nvim-macos-arm64/share/nvim/runtime/autoload/provider/python3.vim
259.129  155.961  000.683: sourcing /Users/lijia/Downloads/nvim-macos-arm64/share/nvim/runtime/ftplugin/python.vim
260.097  000.286  000.286: sourcing /Users/lijia/Downloads/nvim-macos-arm64/share/nvim/runtime/indent/python.vim
268.409  000.542  000.542: require('vim.treesitter.highlighter')
313.846  000.576  000.576: require('editorconfig')
314.314  057.059: opening buffers
314.354  000.041: BufEnter autocommands
314.357  000.002: editing files in windows
314.487  000.131: VimEnter autocommands
314.588  000.003  000.003: sourcing nvim_exec2() called at UIEnter Autocommands for "*":0
314.594  000.001  000.001: sourcing nvim_exec2() called at UIEnter Autocommands for "*":0
315.184  000.098  000.098: require('bufferline.lazy')
315.296  000.108  000.108: require('bufferline.commands')
315.438  000.140  000.140: require('bufferline.config')
315.441  000.841  000.495: require('bufferline')
315.733  000.112  000.112: require('bufferline.utils')
315.735  000.245  000.134: require('bufferline.groups')
315.853  000.108  000.108: require('bufferline.constants')
315.934  000.080  000.080: require('bufferline.colors')
316.218  000.097  000.097: require('bufferline.highlights')
317.446  000.782  000.782: require('bufferline.hover')
317.619  000.123  000.123: require('bufferline.ui')
317.875  001.108: UIEnter autocommands
317.876  000.001: before starting main loop
318.176  000.080  000.080: require('bufferline.pick')
318.255  000.078  000.078: require('bufferline.duplicates')
318.348  000.005  000.005: sourcing nvim_exec2()
318.350  000.094  000.089: require('bufferline.diagnostics')
318.441  000.090  000.090: require('bufferline.models')
318.442  000.435  000.093: require('bufferline.buffers')
318.573  000.110  000.110: require('bufferline.state')
318.749  000.079  000.079: require('bufferline.numbers')
318.953  000.080  000.080: require('bufferline.sorters')
319.078  000.083  000.083: require('bufferline.tabpages')
319.170  000.079  000.079: require('bufferline.offset')
319.247  000.075  000.075: require('bufferline.custom_area')
319.990  000.423  000.423: require('dropbar.sources')
320.358  000.360  000.360: require('dropbar.sources.path')
320.625  000.264  000.264: require('dropbar.utils.source')
321.063  000.435  000.435: require('dropbar.sources.lsp')
321.328  000.263  000.263: require('dropbar.sources.treesitter')
322.278  001.715: first screen update
322.279  000.001: --- NVIM STARTED ---

--- Startup times for process: Primary (or UI client) ---

times in msec
 clock   self+sourced   self:  sourced script
 clock   elapsed:              other lines

000.001  000.001: --- NVIM STARTING ---
000.072  000.072: event init
000.220  000.147: early init
000.678  000.458: locale set
000.713  000.035: init first window
001.333  000.620: inits 1
001.346  000.013: window checked
001.448  000.102: parsing arguments
001.999  000.055  000.055: require('vim.shared')
002.088  000.038  000.038: require('vim.inspect')
002.128  000.033  000.033: require('vim._options')
002.133  000.132  000.061: require('vim._editor')
002.181  000.046  000.046: require('vim._system')
002.182  000.274  000.042: require('vim._init_packages')
002.184  000.461: init lua interpreter
007.570  005.386: nvim_ui_attach
007.856  000.286: nvim_set_client_info
007.858  000.002: --- NVIM STARTED ---

--- Startup times for process: Embedded ---

times in msec
 clock   self+sourced   self:  sourced script
 clock   elapsed:              other lines

000.000  000.000: --- NVIM STARTING ---
000.055  000.055: event init
000.145  000.090: early init
000.463  000.318: locale set
000.491  000.027: init first window
000.836  000.345: inits 1
000.850  000.014: window checked
000.911  000.061: parsing arguments
001.306  000.037  000.037: require('vim.shared')
001.383  000.030  000.030: require('vim.inspect')
001.418  000.028  000.028: require('vim._options')
001.422  000.114  000.056: require('vim._editor')
001.459  000.036  000.036: require('vim._system')
001.460  000.211  000.025: require('vim._init_packages')
001.462  000.339: init lua interpreter
003.677  002.216: expanding arguments
003.702  000.025: inits 2
003.934  000.232: init highlight
003.934  000.001: waiting for UI
004.062  000.128: done waiting for UI
004.065  000.003: clear screen
004.234  000.022  000.022: require('vim.keymap')
005.250  000.161  000.161: sourcing nvim_exec2()
005.443  001.374  001.191: require('vim._defaults')
005.445  000.006: init default mappings & autocommands
006.030  000.066  000.066: sourcing /Users/lijia/Downloads/nvim-macos-arm64/share/nvim/runtime/ftplugin.vim
006.120  000.026  000.026: sourcing /Users/lijia/Downloads/nvim-macos-arm64/share/nvim/runtime/indent.vim
006.381  000.031  000.031: require('vim.fs')
006.722  000.339  000.339: require('vim.uri')
006.739  000.437  000.067: require('vim.loader')
006.769  000.011  000.011: sourcing nvim_exec2() called at /Users/lijia/dotfile/nvim/.config/nvim/init.lua:0
007.380  000.132  000.132: require('vim._extui.shared')
007.538  000.157  000.157: require('vim._extui.messages')
007.659  000.120  000.120: require('vim._extui.cmdline')
007.662  000.603  000.194: require('vim._extui')
012.029  000.276  000.276: require('vim.treesitter.language')
012.169  000.137  000.137: require('vim.func')
012.380  000.210  000.210: require('vim.treesitter._range')
012.686  000.294  000.294: require('vim.func._memoize')
012.803  001.322  000.406: require('vim.treesitter.query')
012.872  001.519  000.197: require('vim.treesitter.languagetree')
012.881  001.675  000.156: require('vim.treesitter')
013.040  000.157  000.157: require('vim.treesitter._fold')
014.119  000.534  000.534: require('vim.lsp.protocol')
014.203  000.853  000.319: require('vim.lsp.log')
014.490  000.280  000.280: require('vim.lsp.util')
014.822  000.132  000.132: require('vim.lsp.sync')
014.829  000.337  000.205: require('vim.lsp._changetracking')
015.213  000.204  000.204: require('vim.lsp._transport')
015.506  000.005  000.005: require('string.buffer')
015.508  000.195  000.190: require('vim._stringbuffer')
015.511  000.681  000.281: require('vim.lsp.rpc')
015.545  002.377  000.227: require('vim.lsp')
015.553  008.770  003.956: require('config.settings')
016.324  000.602  000.602: require('lazy')
016.352  000.015  000.015: require('ffi')
016.592  000.237  000.237: require('lazy.stats')
016.863  000.234  000.234: require('lazy.core.util')
017.015  000.151  000.151: require('lazy.core.config')
017.250  000.105  000.105: require('lazy.core.handler')
017.583  000.125  000.125: require('lazy.pkg')
017.585  000.227  000.102: require('lazy.core.meta')
017.589  000.338  000.111: require('lazy.core.plugin')
017.593  000.576  000.133: require('lazy.core.loader')
017.978  000.160  000.160: require('lazy.core.fragments')
024.463  000.131  000.131: require('lazy.core.handler.keys')
024.592  000.126  000.126: require('lazy.core.handler.cmd')
024.700  000.106  000.106: require('lazy.core.handler.event')
024.794  000.091  000.091: require('lazy.core.handler.ft')
024.931  000.008  000.008: sourcing nvim_exec2() called at /Users/lijia/dotfile/nvim/.config/nvim/init.lua:0
024.940  000.001  000.001: sourcing nvim_exec2() called at /Users/lijia/dotfile/nvim/.config/nvim/init.lua:0
025.203  000.002  000.002: sourcing nvim_exec2() called at /Users/lijia/dotfile/nvim/.config/nvim/init.lua:0
025.210  000.001  000.001: sourcing nvim_exec2() called at /Users/lijia/dotfile/nvim/.config/nvim/init.lua:0
025.980  000.002  000.002: sourcing nvim_exec2() called at /Users/lijia/dotfile/nvim/.config/nvim/init.lua:0
025.987  000.001  000.001: sourcing nvim_exec2() called at /Users/lijia/dotfile/nvim/.config/nvim/init.lua:0
026.116  000.001  000.001: sourcing nvim_exec2() called at /Users/lijia/dotfile/nvim/.config/nvim/init.lua:0
026.124  000.001  000.001: sourcing nvim_exec2() called at /Users/lijia/dotfile/nvim/.config/nvim/init.lua:0
026.990  000.001  000.001: sourcing nvim_exec2() called at /Users/lijia/dotfile/nvim/.config/nvim/init.lua:0
026.996  000.001  000.001: sourcing nvim_exec2() called at /Users/lijia/dotfile/nvim/.config/nvim/init.lua:0
027.631  000.141  000.141: sourcing nvim_exec2() called at /Users/lijia/Downloads/nvim-macos-arm64/share/nvim/runtime/filetype.lua:0
027.634  000.200  000.059: sourcing /Users/lijia/Downloads/nvim-macos-arm64/share/nvim/runtime/filetype.lua
027.636  000.273  000.073: sourcing nvim_exec2() called at /Users/lijia/dotfile/nvim/.config/nvim/init.lua:0
027.832  000.013  000.013: sourcing nvim_exec2() called at /Users/lijia/dotfile/nvim/.config/nvim/init.lua:0
028.008  000.022  000.022: sourcing /Users/lijia/.local/share/nvim/lazy/nightfox.nvim/plugin/nightfox.vim
028.011  000.069  000.047: sourcing nvim_exec2() called at /Users/lijia/dotfile/nvim/.config/nvim/init.lua:0
028.049  000.001  000.001: sourcing nvim_exec2() called at /Users/lijia/dotfile/nvim/.config/nvim/init.lua:0
028.055  000.001  000.001: sourcing nvim_exec2() called at /Users/lijia/dotfile/nvim/.config/nvim/init.lua:0
030.691  000.142  000.142: require('nightfox.lib.collect')
030.815  000.121  000.121: require('nightfox.util')
030.932  000.992  000.729: require('nightfox.config')
031.092  000.158  000.158: require('nightfox')
031.267  000.175  000.175: require('nightfox.override')
031.477  000.150  000.150: require('nightfox.lib.hash')
032.127  002.246  000.772: sourcing /Users/lijia/.local/share/nvim/lazy/nightfox.nvim/colors/carbonfox.vim
032.132  004.075  001.828: sourcing nvim_exec2() called at /Users/lijia/dotfile/nvim/.config/nvim/init.lua:0
032.383  000.002  000.002: sourcing nvim_exec2() called at /Users/lijia/dotfile/nvim/.config/nvim/init.lua:0
032.388  000.001  000.001: sourcing nvim_exec2() called at /Users/lijia/dotfile/nvim/.config/nvim/init.lua:0
032.561  000.092  000.092: sourcing /Users/lijia/.local/share/nvim/lazy/dropbar.nvim/plugin/dropbar.lua
032.564  000.136  000.044: sourcing nvim_exec2() called at /Users/lijia/dotfile/nvim/.config/nvim/init.lua:0
032.567  000.001  000.001: sourcing nvim_exec2() called at /Users/lijia/dotfile/nvim/.config/nvim/init.lua:0
032.571  000.001  000.001: sourcing nvim_exec2() called at /Users/lijia/dotfile/nvim/.config/nvim/init.lua:0
033.459  000.239  000.239: require('dropbar.hlgroups')
034.135  000.198  000.198: require('dropbar.utils')
034.342  000.206  000.206: require('dropbar.api')
034.352  000.604  000.200: require('dropbar.configs')
034.357  000.894  000.290: require('dropbar.bar')
034.360  001.782  000.648: require('dropbar')
035.397  000.122  000.122: require('dropbar.utils.bar')
035.630  000.186  000.186: require('vim.lsp.client')
035.801  000.117  000.117: require('vim.ui')
035.951  000.149  000.149: require('dropbar.utils.menu')
036.214  000.020  000.020: sourcing /Users/lijia/.local/share/nvim/lazy/nvim-web-devicons/plugin/nvim-web-devicons.vim
036.216  000.068  000.047: sourcing nvim_exec2() called at /Users/lijia/dotfile/nvim/.config/nvim/init.lua:0
036.221  000.001  000.001: sourcing nvim_exec2() called at /Users/lijia/dotfile/nvim/.config/nvim/init.lua:0
036.226  000.001  000.001: sourcing nvim_exec2() called at /Users/lijia/dotfile/nvim/.config/nvim/init.lua:0
036.777  000.163  000.163: require('nvim-web-devicons.filetypes')
036.796  000.005  000.005: require('vim.F')
037.275  000.382  000.382: require('nvim-web-devicons.default.icons_by_filename')
037.828  000.552  000.552: require('nvim-web-devicons.default.icons_by_file_extension')
037.985  000.156  000.156: require('nvim-web-devicons.default.icons_by_operating_system')
038.153  000.126  000.126: require('nvim-web-devicons.default.icons_by_desktop_environment')
038.277  000.123  000.123: require('nvim-web-devicons.default.icons_by_window_manager')
038.278  001.476  000.137: require('nvim-web-devicons.icons-default')
038.416  002.188  000.544: require('nvim-web-devicons')
040.206  000.007  000.007: sourcing nvim_exec2() called at /Users/lijia/dotfile/nvim/.config/nvim/init.lua:0
040.216  000.001  000.001: sourcing nvim_exec2() called at /Users/lijia/dotfile/nvim/.config/nvim/init.lua:0
040.556  000.336  000.336: require('utils.utils')
041.037  000.167  000.167: require('nvim-tree.log')
041.368  000.100  000.100: require('nvim-tree.notify')
041.375  000.207  000.107: require('nvim-tree.events')
041.517  000.141  000.141: require('nvim-tree.utils')
041.529  000.490  000.142: require('nvim-tree.view')
041.918  000.093  000.093: require('nvim-tree.core')
042.147  000.107  000.107: require('nvim-tree.git.utils')
042.232  000.084  000.084: require('nvim-tree.renderer.components.devicons')
042.399  000.083  000.083: require('nvim-tree.classic')
042.402  000.169  000.087: require('nvim-tree.node')
042.406  000.487  000.126: require('nvim-tree.node.directory')
042.490  000.084  000.084: require('nvim-tree.iterators.node-iterator')
042.491  000.760  000.096: require('nvim-tree.actions.finders.find-file')
042.575  000.083  000.083: require('nvim-tree.actions.finders.search-node')
042.576  000.939  000.097: require('nvim-tree.actions.finders')
042.972  000.149  000.149: require('nvim-tree.node.file')
042.975  000.316  000.166: require('nvim-tree.actions.fs.create-file')
043.173  000.094  000.094: require('nvim-tree.lib')
043.348  000.084  000.084: require('nvim-tree.node.link')
043.386  000.211  000.127: require('nvim-tree.node.directory-link')
043.388  000.412  000.107: require('nvim-tree.actions.fs.remove-file')
043.483  000.094  000.094: require('nvim-tree.actions.fs.rename-file')
043.575  000.091  000.091: require('nvim-tree.actions.fs.trash')
043.577  001.000  000.088: require('nvim-tree.actions.fs')
043.859  000.089  000.089: require('nvim-tree.diagnostics')
043.861  000.181  000.092: require('nvim-tree.actions.moves.item')
043.945  000.083  000.083: require('nvim-tree.actions.moves.parent')
044.026  000.080  000.080: require('nvim-tree.actions.moves.sibling')
044.027  000.450  000.105: require('nvim-tree.actions.moves')
044.187  000.079  000.079: require('nvim-tree.actions.node.file-popup')
044.365  000.083  000.083: require('nvim-tree.renderer.components.full-name')
044.368  000.179  000.096: require('nvim-tree.actions.node.open-file')
044.456  000.088  000.088: require('nvim-tree.actions.node.run-command')
044.590  000.133  000.133: require('nvim-tree.actions.node.system-open')
044.696  000.105  000.105: require('nvim-tree.actions.node.buffer')
044.697  000.669  000.085: require('nvim-tree.actions.node')
044.947  000.139  000.139: require('nvim-tree.actions.root.change-dir')
045.035  000.087  000.087: require('nvim-tree.actions.root.dir-up')
045.037  000.339  000.113: require('nvim-tree.actions.root')
045.194  000.077  000.077: require('nvim-tree.actions.tree.find-file')
045.370  000.084  000.084: require('nvim-tree.actions.tree.modifiers.collapse')
045.454  000.084  000.084: require('nvim-tree.actions.tree.modifiers.expand')
045.455  000.260  000.092: require('nvim-tree.actions.tree.modifiers')
045.530  000.074  000.074: require('nvim-tree.actions.tree.open')
045.645  000.114  000.114: require('nvim-tree.actions.tree.toggle')
045.718  000.073  000.073: require('nvim-tree.actions.tree.resize')
045.719  000.682  000.084: require('nvim-tree.actions.tree')
045.720  004.191  000.113: require('nvim-tree.actions')
046.041  000.309  000.309: require('vim.diagnostic')
046.070  005.508  000.352: require('nvim-tree')
046.209  000.104  000.104: require('nvim-tree.legacy')
046.590  000.014  000.014: sourcing nvim_exec2() called at /Users/lijia/dotfile/nvim/.config/nvim/init.lua:0
046.596  000.003  000.003: sourcing nvim_exec2() called at /Users/lijia/dotfile/nvim/.config/nvim/init.lua:0
046.718  000.113  000.113: require('nvim-tree.keymap')
046.923  000.203  000.203: require('nvim-tree.appearance')
047.520  000.123  000.123: require('nvim-tree.buffers')
047.817  000.154  000.154: require('nvim-tree.git.runner')
047.928  000.110  000.110: require('nvim-tree.watcher')
047.934  000.412  000.148: require('nvim-tree.git')
048.122  000.094  000.094: require('nvim-tree.node.file-link')
048.123  000.189  000.095: require('nvim-tree.node.factory')
048.222  000.098  000.098: require('nvim-tree.node.root')
048.405  000.093  000.093: require('nvim-tree.enum')
048.408  000.185  000.092: require('nvim-tree.explorer.filters')
048.524  000.116  000.116: require('nvim-tree.marks')
048.636  000.111  000.111: require('nvim-tree.explorer.live-filter')
048.750  000.112  000.112: require('nvim-tree.explorer.sorter')
048.883  000.132  000.132: require('nvim-tree.actions.fs.clipboard')
049.290  000.090  000.090: require('nvim-tree.renderer.decorator')
049.293  000.195  000.106: require('nvim-tree.renderer.decorator.bookmarks')
049.375  000.081  000.081: require('nvim-tree.renderer.decorator.copied')
049.489  000.114  000.114: require('nvim-tree.renderer.decorator.cut')
049.609  000.119  000.119: require('nvim-tree.renderer.decorator.diagnostics')
049.732  000.122  000.122: require('nvim-tree.renderer.decorator.git')
049.880  000.147  000.147: require('nvim-tree.renderer.decorator.hidden')
050.001  000.120  000.120: require('nvim-tree.renderer.decorator.modified')
050.193  000.189  000.189: require('nvim-tree.renderer.decorator.opened')
050.382  000.188  000.188: require('nvim-tree.renderer.decorator.user')
050.586  000.203  000.203: require('nvim-tree.renderer.components.padding')
050.634  001.656  000.177: require('nvim-tree.renderer.builder')
050.643  001.759  000.104: require('nvim-tree.renderer')
050.662  003.411  000.174: require('nvim-tree.explorer')
050.835  000.173  000.173: require('nvim-tree.explorer.watch')
050.991  000.150  000.150: require('nvim-tree.renderer.components')
051.204  000.209  000.209: require('nvim-tree.help')
051.744  000.350  000.350: require('nvim-tree.appearance.hi-test')
051.908  000.703  000.353: require('nvim-tree.api')
052.064  000.092  000.092: require('nvim-tree.commands')
052.447  000.045  000.045: sourcing /Users/lijia/Downloads/nvim-macos-arm64/share/nvim/runtime/plugin/editorconfig.lua
052.450  000.110  000.065: sourcing nvim_exec2() called at /Users/lijia/dotfile/nvim/.config/nvim/init.lua:0
052.623  000.103  000.103: sourcing /Users/lijia/Downloads/nvim-macos-arm64/share/nvim/runtime/plugin/gzip.vim
052.625  000.141  000.038: sourcing nvim_exec2() called at /Users/lijia/dotfile/nvim/.config/nvim/init.lua:0
052.705  000.045  000.045: sourcing /Users/lijia/Downloads/nvim-macos-arm64/share/nvim/runtime/plugin/man.lua
052.706  000.078  000.033: sourcing nvim_exec2() called at /Users/lijia/dotfile/nvim/.config/nvim/init.lua:0
053.217  000.129  000.129: sourcing /Users/lijia/Downloads/nvim-macos-arm64/share/nvim/runtime/pack/dist/opt/matchit/plugin/matchit.vim
053.228  000.488  000.360: sourcing /Users/lijia/Downloads/nvim-macos-arm64/share/nvim/runtime/plugin/matchit.vim
053.230  000.521  000.033: sourcing nvim_exec2() called at /Users/lijia/dotfile/nvim/.config/nvim/init.lua:0
053.350  000.085  000.085: sourcing /Users/lijia/Downloads/nvim-macos-arm64/share/nvim/runtime/plugin/matchparen.vim
053.351  000.118  000.034: sourcing nvim_exec2() called at /Users/lijia/dotfile/nvim/.config/nvim/init.lua:0
053.948  000.138  000.138: sourcing /Users/lijia/Downloads/nvim-macos-arm64/share/nvim/runtime/pack/dist/opt/netrw/plugin/netrwPlugin.vim
053.958  000.572  000.434: sourcing /Users/lijia/Downloads/nvim-macos-arm64/share/nvim/runtime/plugin/netrwPlugin.vim
053.960  000.606  000.034: sourcing nvim_exec2() called at /Users/lijia/dotfile/nvim/.config/nvim/init.lua:0
054.079  000.070  000.070: sourcing /Users/lijia/Downloads/nvim-macos-arm64/share/nvim/runtime/plugin/nvim/net.lua
054.081  000.116  000.046: sourcing nvim_exec2() called at /Users/lijia/dotfile/nvim/.config/nvim/init.lua:0
054.170  000.048  000.048: sourcing /Users/lijia/Downloads/nvim-macos-arm64/share/nvim/runtime/plugin/osc52.lua
054.206  000.122  000.074: sourcing nvim_exec2() called at /Users/lijia/dotfile/nvim/.config/nvim/init.lua:0
054.390  000.005  000.005: sourcing /Users/lijia/.local/share/nvim/rplugin.vim
054.394  000.143  000.138: sourcing /Users/lijia/Downloads/nvim-macos-arm64/share/nvim/runtime/plugin/rplugin.vim
054.395  000.185  000.042: sourcing nvim_exec2() called at /Users/lijia/dotfile/nvim/.config/nvim/init.lua:0
054.495  000.058  000.058: sourcing /Users/lijia/Downloads/nvim-macos-arm64/share/nvim/runtime/plugin/shada.lua
054.497  000.099  000.041: sourcing nvim_exec2() called at /Users/lijia/dotfile/nvim/.config/nvim/init.lua:0
054.550  000.011  000.011: sourcing /Users/lijia/Downloads/nvim-macos-arm64/share/nvim/runtime/plugin/spellfile.vim
054.551  000.052  000.041: sourcing nvim_exec2() called at /Users/lijia/dotfile/nvim/.config/nvim/init.lua:0
054.638  000.049  000.049: sourcing /Users/lijia/Downloads/nvim-macos-arm64/share/nvim/runtime/plugin/tarPlugin.vim
054.640  000.087  000.038: sourcing nvim_exec2() called at /Users/lijia/dotfile/nvim/.config/nvim/init.lua:0
054.715  000.038  000.038: sourcing /Users/lijia/Downloads/nvim-macos-arm64/share/nvim/runtime/plugin/tohtml.lua
054.716  000.074  000.036: sourcing nvim_exec2() called at /Users/lijia/dotfile/nvim/.config/nvim/init.lua:0
054.765  000.010  000.010: sourcing /Users/lijia/Downloads/nvim-macos-arm64/share/nvim/runtime/plugin/tutor.vim
054.767  000.048  000.038: sourcing nvim_exec2() called at /Users/lijia/dotfile/nvim/.config/nvim/init.lua:0
054.882  000.078  000.078: sourcing /Users/lijia/Downloads/nvim-macos-arm64/share/nvim/runtime/plugin/zipPlugin.vim
054.883  000.115  000.036: sourcing nvim_exec2() called at /Users/lijia/dotfile/nvim/.config/nvim/init.lua:0
055.049  000.049  000.049: sourcing /Users/lijia/.config/nvim/after/plugin/operator.lua
055.051  000.096  000.047: sourcing nvim_exec2() called at /Users/lijia/dotfile/nvim/.config/nvim/init.lua:0
055.109  039.554  014.326: require('config.lazy')
055.414  000.106  000.106: require('utils.lsp_progress')
055.634  000.084  000.084: require('utils.json_store')
055.776  000.327  000.244: require('utils.cross_config')
055.785  000.674  000.241: require('config.statusline')
057.273  000.141  000.141: require('dap.utils')
057.389  000.673  000.533: require('dap')
057.397  000.735  000.062: sourcing /Users/lijia/.local/share/nvim/lazy/nvim-dap-view/plugin/dap-view.lua
057.399  000.791  000.056: sourcing nvim_exec2() called at /Users/lijia/dotfile/nvim/.config/nvim/init.lua:0
057.404  000.001  000.001: sourcing nvim_exec2() called at /Users/lijia/dotfile/nvim/.config/nvim/init.lua:0
057.410  000.001  000.001: sourcing nvim_exec2() called at /Users/lijia/dotfile/nvim/.config/nvim/init.lua:0
057.722  000.078  000.078: require('dap-view.globals')
057.773  000.224  000.146: require('dap-view.highlight')
057.942  000.087  000.087: require('dap-view.util')
058.035  000.092  000.092: require('dap-view.state')
058.513  000.119  000.119: require('dap-view.util.hl')
058.514  000.220  000.101: require('dap-view.views')
058.517  000.382  000.162: require('dap-view.config')
058.517  000.482  000.099: require('dap-view.setup')
059.023  000.099  000.099: require('dap-view.util.statusline')
059.026  000.223  000.124: require('dap-view.options.controls.base')
059.027  000.374  000.152: require('dap-view.options.controls')
059.030  000.512  000.137: require('dap-view.options.winbar')
059.039  001.265  000.092: require('dap-view.autocmds')
059.312  000.078  000.078: require('dap-view.breakpoints.vendor')
059.440  000.127  000.127: require('dap-view.breakpoints.util.extmarks')
059.527  000.086  000.086: require('dap-view.breakpoints.util.treesitter')
059.528  000.371  000.080: require('dap-view.breakpoints.view')
059.821  000.101  000.101: require('dap.ui')
059.825  000.219  000.119: require('dap.ui.widgets')
059.901  000.075  000.075: require('dap-view.util.widgets')
059.902  000.373  000.079: require('dap-view.scopes.view')
059.979  000.076  000.076: require('dap-view.sessions.view')
060.131  000.071  000.071: require('dap-view.util.adapter')
060.221  000.090  000.090: require('dap-view.console.scroll')
060.223  000.243  000.082: require('dap-view.console.view')
060.418  000.108  000.108: require('dap-view.threads.view')
060.489  000.070  000.070: require('dap-view.exceptions.view')
060.566  000.076  000.076: require('dap-view.watches.eval')
060.567  000.343  000.089: require('dap-view.refresher')
060.639  000.071  000.071: require('dap-view.tree.traversal')
060.676  001.637  000.159: require('dap-view.listeners')
060.827  000.072  000.072: require('dap-view.options.autocmd')
060.919  000.091  000.091: require('dap-view.util.tables')
060.921  000.244  000.081: require('dap-view.actions')
060.922  003.472  000.103: require('dap-view')
062.192  000.108  000.108: require('nvim-treesitter.compat')
063.075  000.641  000.641: require('nvim-treesitter.parsers')
063.165  000.089  000.089: require('nvim-treesitter.utils')
063.168  000.864  000.133: require('nvim-treesitter.ts_utils')
063.171  000.978  000.114: require('nvim-treesitter.tsrange')
063.246  000.074  000.074: require('nvim-treesitter.caching')
063.252  001.285  000.126: require('nvim-treesitter.query')
063.258  001.528  000.243: require('nvim-treesitter.configs')
063.262  001.893  000.365: require('nvim-treesitter-textobjects')
063.520  000.080  000.080: require('nvim-treesitter.info')
063.614  000.093  000.093: require('nvim-treesitter.shell_command_selectors')
063.626  000.289  000.116: require('nvim-treesitter.install')
063.699  000.073  000.073: require('nvim-treesitter.statusline')
063.797  000.096  000.096: require('nvim-treesitter.query_predicates')
063.798  000.536  000.078: require('nvim-treesitter')
063.963  000.080  000.080: require('nvim-treesitter.textobjects.shared')
063.965  000.164  000.085: require('nvim-treesitter.textobjects.select')
064.150  000.153  000.153: require('vim.iter')
064.469  000.194  000.194: require('nvim-treesitter.textobjects.attach')
064.744  000.274  000.274: require('nvim-treesitter.textobjects.repeatable_move')
064.755  000.558  000.090: require('nvim-treesitter.textobjects.move')
065.204  000.125  000.125: require('nvim-treesitter.textobjects.swap')
065.388  000.120  000.120: require('nvim-treesitter.textobjects.lsp_interop')
065.401  004.045  000.496: sourcing /Users/lijia/.local/share/nvim/lazy/nvim-treesitter-textobjects/plugin/nvim-treesitter-textobjects.vim
065.404  004.093  000.047: sourcing nvim_exec2() called at /Users/lijia/dotfile/nvim/.config/nvim/init.lua:0
065.410  000.002  000.002: sourcing nvim_exec2() called at /Users/lijia/dotfile/nvim/.config/nvim/init.lua:0
065.421  000.001  000.001: sourcing nvim_exec2() called at /Users/lijia/dotfile/nvim/.config/nvim/init.lua:0
066.427  000.890  000.890: sourcing /Users/lijia/.local/share/nvim/lazy/nvim-treesitter/plugin/nvim-treesitter.lua
066.431  000.958  000.068: sourcing nvim_exec2() called at /Users/lijia/dotfile/nvim/.config/nvim/init.lua:0
066.437  000.001  000.001: sourcing nvim_exec2() called at /Users/lijia/dotfile/nvim/.config/nvim/init.lua:0
066.456  000.001  000.001: sourcing nvim_exec2() called at /Users/lijia/dotfile/nvim/.config/nvim/init.lua:0
068.120  000.254  000.254: require('nvim-treesitter.indent')
068.393  000.127  000.127: require('nvim-treesitter.locals')
068.397  000.258  000.132: require('nvim-treesitter.incremental_selection')
068.550  000.103  000.103: require('nvim-treesitter.highlight')
068.821  000.002  000.002: sourcing nvim_exec2() called at /Users/lijia/dotfile/nvim/.config/nvim/init.lua:0
068.826  000.001  000.001: sourcing nvim_exec2() called at /Users/lijia/dotfile/nvim/.config/nvim/init.lua:0
068.975  000.139  000.139: require('nvim-dap-virtual-text')
069.046  000.006  000.006: sourcing nvim_exec2() called at /Users/lijia/dotfile/nvim/.config/nvim/init.lua:0
069.060  000.009  000.009: sourcing nvim_exec2() called at /Users/lijia/dotfile/nvim/.config/nvim/init.lua:0
069.342  000.103  000.103: sourcing /Users/lijia/.local/share/nvim/lazy/nvim-dap/plugin/dap.lua
069.344  000.154  000.052: sourcing nvim_exec2() called at /Users/lijia/dotfile/nvim/.config/nvim/init.lua:0
069.378  000.001  000.001: sourcing nvim_exec2() called at /Users/lijia/dotfile/nvim/.config/nvim/init.lua:0
069.383  000.001  000.001: sourcing nvim_exec2() called at /Users/lijia/dotfile/nvim/.config/nvim/init.lua:0
069.393  000.003  000.003: sourcing nvim_exec2() called at /Users/lijia/dotfile/nvim/.config/nvim/init.lua:0
069.993  000.280  000.280: require('dap.repl')
070.385  000.094  000.094: require('dap.local-lua')
070.481  000.089  000.089: require('dap.openocd')
070.749  000.001  000.001: sourcing nvim_exec2() called at /Users/lijia/dotfile/nvim/.config/nvim/init.lua:0
070.754  000.001  000.001: sourcing nvim_exec2() called at /Users/lijia/dotfile/nvim/.config/nvim/init.lua:0
071.213  000.119  000.119: require('dap-cortex-debug.config')
071.670  000.132  000.132: require('dap-cortex-debug.utils')
071.672  000.251  000.119: require('dap-cortex-debug.tcp')
072.210  000.129  000.129: require('dap-cortex-debug.buffer')
072.215  000.273  000.144: require('dap-cortex-debug.terminal.base')
072.344  000.127  000.127: require('dap-cortex-debug.terminal.codes')
072.351  000.570  000.170: require('dap-cortex-debug.terminal.term')
072.467  000.116  000.116: require('dap-cortex-debug.terminal.buf')
072.468  000.795  000.110: require('dap-cortex-debug.terminal')
072.473  001.158  000.111: require('dap-cortex-debug.consoles')
072.753  000.143  000.143: require('dap-cortex-debug.hexdump')
072.757  000.283  000.141: require('dap-cortex-debug.memory')
072.758  001.544  000.103: require('dap-cortex-debug.listeners')
072.884  000.125  000.125: require('dap-cortex-debug.adapter')
072.969  000.085  000.085: require('dap-cortex-debug.requests')
072.971  002.213  000.340: require('dap-cortex-debug')
073.192  000.142  000.142: require('dap.ext.vscode')
073.203  002.721  000.364: require('dap-cortex-debug')
073.289  000.082  000.082: require('dap.probe_rs')
073.384  000.082  000.082: require('dap.pyocd')
073.388  017.587  003.986: require('dap')
073.476  000.087  000.087: require('dap.progress')
074.383  000.902  000.902: require('utils.usb_status')
074.394  068.151  000.129: sourcing /Users/lijia/.config/nvim/init.lua
074.410  000.722: sourcing vimrc file(s)
074.597  000.057  000.057: sourcing /Users/lijia/Downloads/nvim-macos-arm64/share/nvim/runtime/filetype.lua
074.910  000.058  000.058: sourcing /Users/lijia/Downloads/nvim-macos-arm64/share/nvim/runtime/syntax/synload.vim
074.961  000.261  000.204: sourcing /Users/lijia/Downloads/nvim-macos-arm64/share/nvim/runtime/syntax/syntax.vim
074.970  000.242: inits 3
076.799  001.829: reading ShaDa
078.080  000.006  000.006: sourcing nvim_exec2() called at BufNewFile Autocommands for "*":0
078.088  000.001  000.001: sourcing nvim_exec2() called at BufNewFile Autocommands for "*":0
078.836  000.739  000.739: require('hlchunk')
079.466  000.285  000.285: require('hlchunk.utils.class')
079.859  000.197  000.197: require('hlchunk.utils.filetype')
079.873  000.405  000.208: require('hlchunk.mods.base_mod.base_conf')
080.036  000.162  000.162: require('hlchunk.utils.scope')
080.241  000.205  000.205: require('hlchunk.utils.cFunc')
080.249  001.195  000.138: require('hlchunk.mods.base_mod')
080.380  000.131  000.131: require('hlchunk.mods.line_num.line_num_conf')
080.796  000.130  000.130: require('hlchunk.utils.ts_node_type.cpp')
080.909  000.112  000.112: require('hlchunk.utils.ts_node_type.css')
081.016  000.106  000.106: require('hlchunk.utils.ts_node_type.lua')
081.205  000.188  000.188: require('hlchunk.utils.ts_node_type.rust')
081.334  000.128  000.128: require('hlchunk.utils.ts_node_type.yaml')
081.462  000.127  000.127: require('hlchunk.utils.ts_node_type.zig')
081.616  000.153  000.153: require('hlchunk.utils.ts_node_type.fortran')
081.618  001.103  000.158: require('hlchunk.utils.ts_node_type')
081.623  001.241  000.138: require('hlchunk.utils.chunkHelper')
081.649  002.811  000.244: require('hlchunk.mods.line_num')
082.252  000.194  000.194: require('hlchunk.mods.chunk.chunk_conf')
082.462  000.098  000.098: require('hlchunk.utils.timer')
082.463  000.211  000.113: require('hlchunk.utils.loopTask')
082.534  000.070  000.070: require('hlchunk.utils.position')
082.538  000.701  000.226: require('hlchunk.mods.chunk')
082.973  000.071  000.071: require('hlchunk.mods.indent.indent_conf')
083.044  000.070  000.070: require('hlchunk.utils.indentHelper')
083.115  000.070  000.070: require('hlchunk.utils.cache')
083.119  000.301  000.090: require('hlchunk.mods.indent')
083.318  000.069  000.069: require('hlchunk.mods.blank.blank_conf')
083.321  000.144  000.076: require('hlchunk.mods.blank')
084.409  000.919  000.919: require('vim.filetype')
086.645  000.610  000.610: require('vim.provider')
086.987  000.338  000.338: require('vim.provider.python')
140.870  000.554  000.554: require('vim.version')
187.099  000.292  000.292: sourcing /Users/lijia/Downloads/nvim-macos-arm64/share/nvim/runtime/autoload/remote/host.vim
187.144  101.382  099.587: sourcing /Users/lijia/Downloads/nvim-macos-arm64/share/nvim/runtime/autoload/provider/python3.vim
187.395  102.258  000.877: sourcing /Users/lijia/Downloads/nvim-macos-arm64/share/nvim/runtime/ftplugin/python.vim
188.346  000.277  000.277: sourcing /Users/lijia/Downloads/nvim-macos-arm64/share/nvim/runtime/indent/python.vim
189.358  000.798  000.798: require('dap-python')
190.198  000.230  000.230: sourcing /Users/lijia/Downloads/nvim-macos-arm64/share/nvim/runtime/ftplugin/python.vim
191.050  000.045  000.045: sourcing /Users/lijia/Downloads/nvim-macos-arm64/share/nvim/runtime/indent/python.vim
197.745  000.253  000.253: require('vim.treesitter.highlighter')
245.014  001.279  001.279: sourcing /Users/lijia/Downloads/nvim-macos-arm64/share/nvim/runtime/syntax/python.vim
246.717  000.337  000.337: require('editorconfig')
246.936  059.038: opening buffers
246.977  000.042: BufEnter autocommands
246.983  000.006: editing files in windows
247.105  000.122: VimEnter autocommands
247.234  000.002  000.002: sourcing nvim_exec2() called at UIEnter Autocommands for "*":0
247.240  000.001  000.001: sourcing nvim_exec2() called at UIEnter Autocommands for "*":0
247.876  000.094  000.094: require('bufferline.lazy')
247.991  000.112  000.112: require('bufferline.commands')
248.183  000.181  000.181: require('bufferline.config')
248.185  000.939  000.552: require('bufferline')
248.539  000.138  000.138: require('bufferline.utils')
248.540  000.296  000.159: require('bufferline.groups')
248.689  000.086  000.086: require('bufferline.constants')
248.801  000.110  000.110: require('bufferline.colors')
249.817  000.161  000.161: require('bufferline.highlights')
250.895  000.743  000.743: require('bufferline.hover')
251.163  000.177  000.177: require('bufferline.ui')
251.516  001.897: UIEnter autocommands
251.517  000.001: before starting main loop
251.824  000.082  000.082: require('bufferline.pick')
251.973  000.148  000.148: require('bufferline.duplicates')
252.081  000.005  000.005: sourcing nvim_exec2()
252.083  000.109  000.105: require('bufferline.diagnostics')
252.184  000.101  000.101: require('bufferline.models')
252.185  000.543  000.104: require('bufferline.buffers')
252.358  000.104  000.104: require('bufferline.state')
252.678  000.079  000.079: require('bufferline.numbers')
252.901  000.082  000.082: require('bufferline.sorters')
253.020  000.103  000.103: require('bufferline.tabpages')
253.149  000.106  000.106: require('bufferline.offset')
253.269  000.116  000.116: require('bufferline.custom_area')
253.767  000.198  000.198: require('dropbar.sources')
254.055  000.273  000.273: require('dropbar.sources.path')
254.156  000.099  000.099: require('dropbar.utils.source')
254.274  000.116  000.116: require('dropbar.sources.lsp')
254.408  000.099  000.099: require('dropbar.sources.treesitter')
255.473  002.036: first screen update
255.474  000.001: --- NVIM STARTED ---

--- Startup times for process: Primary (or UI client) ---

times in msec
 clock   self+sourced   self:  sourced script
 clock   elapsed:              other lines

000.001  000.001: --- NVIM STARTING ---
000.083  000.082: event init
000.228  000.145: early init
000.800  000.572: locale set
000.840  000.041: init first window
001.150  000.310: inits 1
001.157  000.007: window checked
001.158  000.001: parsing arguments
001.430  000.024  000.024: require('vim.shared')
001.479  000.020  000.020: require('vim.inspect')
001.501  000.018  000.018: require('vim._options')
001.503  000.071  000.033: require('vim._editor')
001.530  000.026  000.026: require('vim._system')
001.531  000.140  000.019: require('vim._init_packages')
001.532  000.234: init lua interpreter
006.200  004.668: nvim_ui_attach
006.396  000.196: nvim_set_client_info
006.397  000.001: --- NVIM STARTED ---

--- Startup times for process: Embedded ---

times in msec
 clock   self+sourced   self:  sourced script
 clock   elapsed:              other lines

000.000  000.000: --- NVIM STARTING ---
000.069  000.068: event init
000.169  000.100: early init
000.529  000.360: locale set
000.557  000.028: init first window
000.886  000.328: inits 1
000.902  000.016: window checked
000.904  000.002: parsing arguments
001.320  000.040  000.040: require('vim.shared')
001.397  000.032  000.032: require('vim.inspect')
001.433  000.028  000.028: require('vim._options')
001.437  000.114  000.054: require('vim._editor')
001.475  000.037  000.037: require('vim._system')
001.476  000.223  000.031: require('vim._init_packages')
001.478  000.351: init lua interpreter
004.097  002.619: expanding arguments
004.115  000.018: inits 2
004.358  000.243: init highlight
004.359  000.001: waiting for UI
004.502  000.143: done waiting for UI
004.506  000.004: clear screen
004.624  000.013  000.013: require('vim.keymap')
005.648  000.159  000.159: sourcing nvim_exec2()
005.839  001.331  001.158: require('vim._defaults')
005.840  000.004: init default mappings & autocommands
006.425  000.059  000.059: sourcing /Users/lijia/Downloads/nvim-macos-arm64/share/nvim/runtime/ftplugin.vim
006.519  000.026  000.026: sourcing /Users/lijia/Downloads/nvim-macos-arm64/share/nvim/runtime/indent.vim
006.801  000.048  000.048: require('vim.fs')
007.123  000.318  000.318: require('vim.uri')
007.135  000.431  000.065: require('vim.loader')
007.163  000.013  000.013: sourcing nvim_exec2() called at /Users/lijia/dotfile/nvim/.config/nvim/init.lua:0
007.791  000.143  000.143: require('vim._extui.shared')
007.964  000.170  000.170: require('vim._extui.messages')
008.104  000.138  000.138: require('vim._extui.cmdline')
008.106  000.668  000.216: require('vim._extui')
012.985  000.141  000.141: require('vim.treesitter.language')
013.106  000.119  000.119: require('vim.func')
013.219  000.112  000.112: require('vim.treesitter._range')
013.421  000.197  000.197: require('vim.func._memoize')
013.455  000.781  000.212: require('vim.treesitter.query')
013.481  000.975  000.194: require('vim.treesitter.languagetree')
013.487  001.125  000.151: require('vim.treesitter')
013.594  000.106  000.106: require('vim.treesitter._fold')
014.772  000.517  000.517: require('vim.lsp.protocol')
014.802  000.788  000.271: require('vim.lsp.log')
015.012  000.207  000.207: require('vim.lsp.util')
015.266  000.129  000.129: require('vim.lsp.sync')
015.272  000.256  000.127: require('vim.lsp._changetracking')
015.610  000.172  000.172: require('vim.lsp._transport')
015.765  000.004  000.004: require('string.buffer')
015.767  000.134  000.130: require('vim._stringbuffer')
015.773  000.500  000.194: require('vim.lsp.rpc')
015.803  002.097  000.345: require('vim.lsp')
015.813  008.638  004.641: require('config.settings')
016.625  000.656  000.656: require('lazy')
016.651  000.012  000.012: require('ffi')
016.798  000.144  000.144: require('lazy.stats')
017.064  000.231  000.231: require('lazy.core.util')
017.240  000.175  000.175: require('lazy.core.config')
017.490  000.112  000.112: require('lazy.core.handler')
017.875  000.109  000.109: require('lazy.pkg')
017.877  000.245  000.136: require('lazy.core.meta')
017.880  000.389  000.144: require('lazy.core.plugin')
017.883  000.642  000.141: require('lazy.core.loader')
018.366  000.141  000.141: require('lazy.core.fragments')
023.382  000.197  000.197: require('lazy.core.handler.keys')
023.499  000.115  000.115: require('lazy.core.handler.event')
023.601  000.099  000.099: require('lazy.core.handler.ft')
023.702  000.099  000.099: require('lazy.core.handler.cmd')
023.852  000.008  000.008: sourcing nvim_exec2() called at /Users/lijia/dotfile/nvim/.config/nvim/init.lua:0
023.865  000.001  000.001: sourcing nvim_exec2() called at /Users/lijia/dotfile/nvim/.config/nvim/init.lua:0
024.720  000.002  000.002: sourcing nvim_exec2() called at /Users/lijia/dotfile/nvim/.config/nvim/init.lua:0
024.727  000.001  000.001: sourcing nvim_exec2() called at /Users/lijia/dotfile/nvim/.config/nvim/init.lua:0
025.468  000.002  000.002: sourcing nvim_exec2() called at /Users/lijia/dotfile/nvim/.config/nvim/init.lua:0
025.477  000.001  000.001: sourcing nvim_exec2() called at /Users/lijia/dotfile/nvim/.config/nvim/init.lua:0
025.500  000.001  000.001: sourcing nvim_exec2() called at /Users/lijia/dotfile/nvim/.config/nvim/init.lua:0
025.512  000.001  000.001: sourcing nvim_exec2() called at /Users/lijia/dotfile/nvim/.config/nvim/init.lua:0
025.597  000.001  000.001: sourcing nvim_exec2() called at /Users/lijia/dotfile/nvim/.config/nvim/init.lua:0
025.644  000.001  000.001: sourcing nvim_exec2() called at /Users/lijia/dotfile/nvim/.config/nvim/init.lua:0
026.369  000.163  000.163: sourcing nvim_exec2() called at /Users/lijia/Downloads/nvim-macos-arm64/share/nvim/runtime/filetype.lua:0
026.371  000.239  000.076: sourcing /Users/lijia/Downloads/nvim-macos-arm64/share/nvim/runtime/filetype.lua
026.373  000.323  000.084: sourcing nvim_exec2() called at /Users/lijia/dotfile/nvim/.config/nvim/init.lua:0
026.533  000.012  000.012: sourcing nvim_exec2() called at /Users/lijia/dotfile/nvim/.config/nvim/init.lua:0
026.742  000.022  000.022: sourcing /Users/lijia/.local/share/nvim/lazy/nightfox.nvim/plugin/nightfox.vim
026.744  000.066  000.044: sourcing nvim_exec2() called at /Users/lijia/dotfile/nvim/.config/nvim/init.lua:0
026.750  000.001  000.001: sourcing nvim_exec2() called at /Users/lijia/dotfile/nvim/.config/nvim/init.lua:0
026.759  000.001  000.001: sourcing nvim_exec2() called at /Users/lijia/dotfile/nvim/.config/nvim/init.lua:0
029.117  000.090  000.090: require('nightfox.lib.collect')
029.227  000.107  000.107: require('nightfox.util')
029.290  000.708  000.511: require('nightfox.config')
029.379  000.087  000.087: require('nightfox')
029.480  000.100  000.100: require('nightfox.override')
029.609  000.090  000.090: require('nightfox.lib.hash')
030.149  001.617  000.631: sourcing /Users/lijia/.local/share/nvim/lazy/nightfox.nvim/colors/carbonfox.vim
030.154  003.392  001.776: sourcing nvim_exec2() called at /Users/lijia/dotfile/nvim/.config/nvim/init.lua:0
030.470  000.027  000.027: sourcing /Users/lijia/.local/share/nvim/lazy/nvim-web-devicons/plugin/nvim-web-devicons.vim
030.472  000.092  000.065: sourcing nvim_exec2() called at /Users/lijia/dotfile/nvim/.config/nvim/init.lua:0
030.477  000.001  000.001: sourcing nvim_exec2() called at /Users/lijia/dotfile/nvim/.config/nvim/init.lua:0
030.485  000.001  000.001: sourcing nvim_exec2() called at /Users/lijia/dotfile/nvim/.config/nvim/init.lua:0
031.093  000.164  000.164: require('nvim-web-devicons.filetypes')
031.100  000.003  000.003: require('vim.F')
031.460  000.263  000.263: require('nvim-web-devicons.default.icons_by_filename')
031.893  000.432  000.432: require('nvim-web-devicons.default.icons_by_file_extension')
032.088  000.193  000.193: require('nvim-web-devicons.default.icons_by_operating_system')
032.191  000.102  000.102: require('nvim-web-devicons.default.icons_by_desktop_environment')
032.288  000.096  000.096: require('nvim-web-devicons.default.icons_by_window_manager')
032.289  001.184  000.099: require('nvim-web-devicons.icons-default')
032.422  001.935  000.583: require('nvim-web-devicons')
034.683  000.004  000.004: sourcing nvim_exec2() called at /Users/lijia/dotfile/nvim/.config/nvim/init.lua:0
034.695  000.001  000.001: sourcing nvim_exec2() called at /Users/lijia/dotfile/nvim/.config/nvim/init.lua:0
034.914  000.216  000.216: require('utils.utils')
035.557  000.224  000.224: require('nvim-tree.log')
036.054  000.167  000.167: require('nvim-tree.notify')
036.057  000.316  000.150: require('nvim-tree.events')
036.204  000.145  000.145: require('nvim-tree.utils')
036.212  000.627  000.165: require('nvim-tree.view')
036.564  000.085  000.085: require('nvim-tree.core')
036.754  000.097  000.097: require('nvim-tree.git.utils')
036.840  000.085  000.085: require('nvim-tree.renderer.components.devicons')
037.040  000.087  000.087: require('nvim-tree.classic')
037.043  000.203  000.116: require('nvim-tree.node')
037.063  000.498  000.114: require('nvim-tree.node.directory')
037.196  000.087  000.087: require('nvim-tree.iterators.node-iterator')
037.197  000.805  000.135: require('nvim-tree.actions.finders.find-file')
037.287  000.088  000.088: require('nvim-tree.actions.finders.search-node')
037.288  000.982  000.089: require('nvim-tree.actions.finders')
037.547  000.087  000.087: require('nvim-tree.node.file')
037.550  000.177  000.090: require('nvim-tree.actions.fs.create-file')
037.732  000.089  000.089: require('nvim-tree.lib')
037.900  000.082  000.082: require('nvim-tree.node.link')
037.905  000.172  000.091: require('nvim-tree.node.directory-link')
037.907  000.356  000.095: require('nvim-tree.actions.fs.remove-file')
037.999  000.091  000.091: require('nvim-tree.actions.fs.rename-file')
038.088  000.088  000.088: require('nvim-tree.actions.fs.trash')
038.089  000.800  000.088: require('nvim-tree.actions.fs')
038.395  000.132  000.132: require('nvim-tree.diagnostics')
038.398  000.222  000.090: require('nvim-tree.actions.moves.item')
038.485  000.086  000.086: require('nvim-tree.actions.moves.parent')
038.566  000.080  000.080: require('nvim-tree.actions.moves.sibling')
038.568  000.478  000.089: require('nvim-tree.actions.moves')
038.973  000.153  000.153: require('nvim-tree.actions.node.file-popup')
039.198  000.116  000.116: require('nvim-tree.renderer.components.full-name')
039.201  000.226  000.110: require('nvim-tree.actions.node.open-file')
039.309  000.107  000.107: require('nvim-tree.actions.node.run-command')
039.417  000.107  000.107: require('nvim-tree.actions.node.system-open')
039.511  000.093  000.093: require('nvim-tree.actions.node.buffer')
039.513  000.944  000.260: require('nvim-tree.actions.node')
039.697  000.093  000.093: require('nvim-tree.actions.root.change-dir')
039.781  000.082  000.082: require('nvim-tree.actions.root.dir-up')
039.782  000.268  000.092: require('nvim-tree.actions.root')
039.992  000.096  000.096: require('nvim-tree.actions.tree.find-file')
040.222  000.086  000.086: require('nvim-tree.actions.tree.modifiers.collapse')
040.310  000.088  000.088: require('nvim-tree.actions.tree.modifiers.expand')
040.312  000.317  000.144: require('nvim-tree.actions.tree.modifiers')
040.392  000.079  000.079: require('nvim-tree.actions.tree.open')
040.475  000.083  000.083: require('nvim-tree.actions.tree.toggle')
040.550  000.074  000.074: require('nvim-tree.actions.tree.resize')
040.552  000.769  000.120: require('nvim-tree.actions.tree')
040.553  004.340  000.098: require('nvim-tree.actions')
040.755  000.196  000.196: require('vim.diagnostic')
040.778  005.857  000.470: require('nvim-tree')
040.897  000.083  000.083: require('nvim-tree.legacy')
041.321  000.008  000.008: sourcing nvim_exec2() called at /Users/lijia/dotfile/nvim/.config/nvim/init.lua:0
041.327  000.004  000.004: sourcing nvim_exec2() called at /Users/lijia/dotfile/nvim/.config/nvim/init.lua:0
041.477  000.126  000.126: require('nvim-tree.keymap')
041.602  000.123  000.123: require('nvim-tree.appearance')
042.137  000.086  000.086: require('nvim-tree.buffers')
042.327  000.094  000.094: require('nvim-tree.git.runner')
042.492  000.164  000.164: require('nvim-tree.watcher')
042.496  000.358  000.100: require('nvim-tree.git')
042.683  000.103  000.103: require('nvim-tree.node.file-link')
042.684  000.187  000.084: require('nvim-tree.node.factory')
042.769  000.083  000.083: require('nvim-tree.node.root')
042.931  000.078  000.078: require('nvim-tree.enum')
042.934  000.164  000.086: require('nvim-tree.explorer.filters')
043.063  000.129  000.129: require('nvim-tree.marks')
043.153  000.089  000.089: require('nvim-tree.explorer.live-filter')
043.236  000.082  000.082: require('nvim-tree.explorer.sorter')
043.374  000.137  000.137: require('nvim-tree.actions.fs.clipboard')
043.745  000.113  000.113: require('nvim-tree.renderer.decorator')
043.748  000.190  000.077: require('nvim-tree.renderer.decorator.bookmarks')
043.863  000.114  000.114: require('nvim-tree.renderer.decorator.copied')
043.969  000.106  000.106: require('nvim-tree.renderer.decorator.cut')
044.115  000.145  000.145: require('nvim-tree.renderer.decorator.diagnostics')
044.242  000.127  000.127: require('nvim-tree.renderer.decorator.git')
044.342  000.099  000.099: require('nvim-tree.renderer.decorator.hidden')
044.431  000.088  000.088: require('nvim-tree.renderer.decorator.modified')
044.516  000.084  000.084: require('nvim-tree.renderer.decorator.opened')
044.600  000.083  000.083: require('nvim-tree.renderer.decorator.user')
044.697  000.096  000.096: require('nvim-tree.renderer.components.padding')
044.703  001.233  000.101: require('nvim-tree.renderer.builder')
044.706  001.331  000.098: require('nvim-tree.renderer')
044.719  002.807  000.161: require('nvim-tree.explorer')
044.808  000.088  000.088: require('nvim-tree.explorer.watch')
044.903  000.090  000.090: require('nvim-tree.renderer.components')
045.020  000.112  000.112: require('nvim-tree.help')
045.312  000.134  000.134: require('nvim-tree.appearance.hi-test')
045.368  000.347  000.213: require('nvim-tree.api')
045.530  000.113  000.113: require('nvim-tree.commands')
045.947  000.002  000.002: sourcing nvim_exec2() called at /Users/lijia/dotfile/nvim/.config/nvim/init.lua:0
045.957  000.001  000.001: sourcing nvim_exec2() called at /Users/lijia/dotfile/nvim/.config/nvim/init.lua:0
046.149  000.051  000.051: sourcing /Users/lijia/.local/share/nvim/lazy/dropbar.nvim/plugin/dropbar.lua
046.151  000.108  000.057: sourcing nvim_exec2() called at /Users/lijia/dotfile/nvim/.config/nvim/init.lua:0
046.184  000.001  000.001: sourcing nvim_exec2() called at /Users/lijia/dotfile/nvim/.config/nvim/init.lua:0
046.192  000.001  000.001: sourcing nvim_exec2() called at /Users/lijia/dotfile/nvim/.config/nvim/init.lua:0
046.717  000.212  000.212: require('dropbar.hlgroups')
047.137  000.132  000.132: require('dropbar.utils')
047.233  000.095  000.095: require('dropbar.api')
047.246  000.407  000.180: require('dropbar.configs')
047.250  000.532  000.126: require('dropbar.bar')
047.253  001.057  000.313: require('dropbar')
047.548  000.092  000.092: require('dropbar.utils.bar')
047.765  000.169  000.169: require('vim.lsp.client')
047.907  000.096  000.096: require('vim.ui')
048.002  000.094  000.094: require('dropbar.utils.menu')
048.244  000.098  000.098: sourcing /Users/lijia/Downloads/nvim-macos-arm64/share/nvim/runtime/plugin/editorconfig.lua
048.246  000.137  000.039: sourcing nvim_exec2() called at /Users/lijia/dotfile/nvim/.config/nvim/init.lua:0
048.379  000.094  000.094: sourcing /Users/lijia/Downloads/nvim-macos-arm64/share/nvim/runtime/plugin/gzip.vim
048.380  000.128  000.035: sourcing nvim_exec2() called at /Users/lijia/dotfile/nvim/.config/nvim/init.lua:0
048.493  000.077  000.077: sourcing /Users/lijia/Downloads/nvim-macos-arm64/share/nvim/runtime/plugin/man.lua
048.494  000.110  000.034: sourcing nvim_exec2() called at /Users/lijia/dotfile/nvim/.config/nvim/init.lua:0
049.192  000.154  000.154: sourcing /Users/lijia/Downloads/nvim-macos-arm64/share/nvim/runtime/pack/dist/opt/matchit/plugin/matchit.vim
049.210  000.674  000.520: sourcing /Users/lijia/Downloads/nvim-macos-arm64/share/nvim/runtime/plugin/matchit.vim
049.212  000.709  000.035: sourcing nvim_exec2() called at /Users/lijia/dotfile/nvim/.config/nvim/init.lua:0
049.354  000.093  000.093: sourcing /Users/lijia/Downloads/nvim-macos-arm64/share/nvim/runtime/plugin/matchparen.vim
049.355  000.140  000.047: sourcing nvim_exec2() called at /Users/lijia/dotfile/nvim/.config/nvim/init.lua:0
050.042  000.199  000.199: sourcing /Users/lijia/Downloads/nvim-macos-arm64/share/nvim/runtime/pack/dist/opt/netrw/plugin/netrwPlugin.vim
050.055  000.658  000.459: sourcing /Users/lijia/Downloads/nvim-macos-arm64/share/nvim/runtime/plugin/netrwPlugin.vim
050.057  000.696  000.037: sourcing nvim_exec2() called at /Users/lijia/dotfile/nvim/.config/nvim/init.lua:0
050.288  000.147  000.147: sourcing /Users/lijia/Downloads/nvim-macos-arm64/share/nvim/runtime/plugin/nvim/net.lua
050.290  000.215  000.068: sourcing nvim_exec2() called at /Users/lijia/dotfile/nvim/.config/nvim/init.lua:0
050.461  000.121  000.121: sourcing /Users/lijia/Downloads/nvim-macos-arm64/share/nvim/runtime/plugin/osc52.lua
050.506  000.209  000.088: sourcing nvim_exec2() called at /Users/lijia/dotfile/nvim/.config/nvim/init.lua:0
050.722  000.005  000.005: sourcing /Users/lijia/.local/share/nvim/rplugin.vim
050.729  000.168  000.163: sourcing /Users/lijia/Downloads/nvim-macos-arm64/share/nvim/runtime/plugin/rplugin.vim
050.731  000.206  000.039: sourcing nvim_exec2() called at /Users/lijia/dotfile/nvim/.config/nvim/init.lua:0
050.932  000.155  000.155: sourcing /Users/lijia/Downloads/nvim-macos-arm64/share/nvim/runtime/plugin/shada.lua
050.934  000.194  000.039: sourcing nvim_exec2() called at /Users/lijia/dotfile/nvim/.config/nvim/init.lua:0
051.010  000.018  000.018: sourcing /Users/lijia/Downloads/nvim-macos-arm64/share/nvim/runtime/plugin/spellfile.vim
051.013  000.073  000.054: sourcing nvim_exec2() called at /Users/lijia/dotfile/nvim/.config/nvim/init.lua:0
051.181  000.063  000.063: sourcing /Users/lijia/Downloads/nvim-macos-arm64/share/nvim/runtime/plugin/tarPlugin.vim
051.183  000.106  000.043: sourcing nvim_exec2() called at /Users/lijia/dotfile/nvim/.config/nvim/init.lua:0
051.362  000.096  000.096: sourcing /Users/lijia/Downloads/nvim-macos-arm64/share/nvim/runtime/plugin/tohtml.lua
051.364  000.140  000.043: sourcing nvim_exec2() called at /Users/lijia/dotfile/nvim/.config/nvim/init.lua:0
051.499  000.015  000.015: sourcing /Users/lijia/Downloads/nvim-macos-arm64/share/nvim/runtime/plugin/tutor.vim
051.501  000.099  000.084: sourcing nvim_exec2() called at /Users/lijia/dotfile/nvim/.config/nvim/init.lua:0
051.688  000.091  000.091: sourcing /Users/lijia/Downloads/nvim-macos-arm64/share/nvim/runtime/plugin/zipPlugin.vim
051.690  000.152  000.061: sourcing nvim_exec2() called at /Users/lijia/dotfile/nvim/.config/nvim/init.lua:0
052.086  000.165  000.165: sourcing /Users/lijia/.config/nvim/after/plugin/operator.lua
052.089  000.213  000.048: sourcing nvim_exec2() called at /Users/lijia/dotfile/nvim/.config/nvim/init.lua:0
052.110  036.296  012.815: require('config.lazy')
052.571  000.240  000.240: require('utils.lsp_progress')
052.832  000.082  000.082: require('utils.json_store')
052.937  000.334  000.252: require('utils.cross_config')
052.948  000.837  000.263: require('config.statusline')
054.151  000.095  000.095: require('dap.utils')
054.208  000.519  000.425: require('dap')
054.215  000.564  000.044: sourcing /Users/lijia/.local/share/nvim/lazy/nvim-dap-view/plugin/dap-view.lua
054.217  000.606  000.043: sourcing nvim_exec2() called at /Users/lijia/dotfile/nvim/.config/nvim/init.lua:0
054.222  000.001  000.001: sourcing nvim_exec2() called at /Users/lijia/dotfile/nvim/.config/nvim/init.lua:0
054.228  000.001  000.001: sourcing nvim_exec2() called at /Users/lijia/dotfile/nvim/.config/nvim/init.lua:0
054.513  000.077  000.077: require('dap-view.globals')
054.533  000.180  000.104: require('dap-view.highlight')
054.691  000.076  000.076: require('dap-view.util')
054.767  000.076  000.076: require('dap-view.state')
055.110  000.073  000.073: require('dap-view.util.hl')
055.111  000.156  000.082: require('dap-view.views')
055.114  000.252  000.096: require('dap-view.config')
055.115  000.347  000.096: require('dap-view.setup')
055.439  000.077  000.077: require('dap-view.util.statusline')
055.448  000.160  000.084: require('dap-view.options.controls.base')
055.449  000.242  000.082: require('dap-view.options.controls')
055.455  000.339  000.097: require('dap-view.options.winbar')
055.462  000.925  000.087: require('dap-view.autocmds')
055.746  000.083  000.083: require('dap-view.breakpoints.vendor')
055.833  000.086  000.086: require('dap-view.breakpoints.util.extmarks')
055.906  000.072  000.072: require('dap-view.breakpoints.util.treesitter')
055.907  000.361  000.120: require('dap-view.breakpoints.view')
056.178  000.091  000.091: require('dap.ui')
056.182  000.205  000.113: require('dap.ui.widgets')
056.254  000.071  000.071: require('dap-view.util.widgets')
056.255  000.347  000.072: require('dap-view.scopes.view')
056.327  000.071  000.071: require('dap-view.sessions.view')
056.474  000.072  000.072: require('dap-view.util.adapter')
056.546  000.071  000.071: require('dap-view.console.scroll')
056.548  000.220  000.077: require('dap-view.console.view')
056.690  000.073  000.073: require('dap-view.threads.view')
056.761  000.069  000.069: require('dap-view.exceptions.view')
056.835  000.073  000.073: require('dap-view.watches.eval')
056.836  000.287  000.072: require('dap-view.refresher')
056.905  000.068  000.068: require('dap-view.tree.traversal')
056.911  001.449  000.094: require('dap-view.listeners')
057.053  000.068  000.068: require('dap-view.options.autocmd')
057.123  000.069  000.069: require('dap-view.util.tables')
057.125  000.213  000.076: require('dap-view.actions')
057.127  002.861  000.094: require('dap-view')
058.105  000.074  000.074: require('nvim-treesitter.compat')
058.948  000.669  000.669: require('nvim-treesitter.parsers')
059.041  000.092  000.092: require('nvim-treesitter.utils')
059.043  000.847  000.086: require('nvim-treesitter.ts_utils')
059.046  000.940  000.093: require('nvim-treesitter.tsrange')
059.119  000.072  000.072: require('nvim-treesitter.caching')
059.124  001.175  000.089: require('nvim-treesitter.query')
059.130  001.302  000.127: require('nvim-treesitter.configs')
059.131  001.540  000.238: require('nvim-treesitter-textobjects')
059.382  000.076  000.076: require('nvim-treesitter.info')
059.475  000.092  000.092: require('nvim-treesitter.shell_command_selectors')
059.484  000.279  000.110: require('nvim-treesitter.install')
059.556  000.071  000.071: require('nvim-treesitter.statusline')
059.643  000.086  000.086: require('nvim-treesitter.query_predicates')
059.644  000.512  000.077: require('nvim-treesitter')
059.801  000.078  000.078: require('nvim-treesitter.textobjects.shared')
059.803  000.157  000.078: require('nvim-treesitter.textobjects.select')
059.936  000.130  000.130: require('vim.iter')
060.113  000.073  000.073: require('nvim-treesitter.textobjects.attach')
060.210  000.096  000.096: require('nvim-treesitter.textobjects.repeatable_move')
060.213  000.262  000.094: require('nvim-treesitter.textobjects.move')
060.553  000.075  000.075: require('nvim-treesitter.textobjects.swap')
060.749  000.179  000.179: require('nvim-treesitter.textobjects.lsp_interop')
060.856  003.274  000.418: sourcing /Users/lijia/.local/share/nvim/lazy/nvim-treesitter-textobjects/plugin/nvim-treesitter-textobjects.vim
060.860  003.321  000.047: sourcing nvim_exec2() called at /Users/lijia/dotfile/nvim/.config/nvim/init.lua:0
060.873  000.002  000.002: sourcing nvim_exec2() called at /Users/lijia/dotfile/nvim/.config/nvim/init.lua:0
060.885  000.001  000.001: sourcing nvim_exec2() called at /Users/lijia/dotfile/nvim/.config/nvim/init.lua:0
061.837  000.803  000.803: sourcing /Users/lijia/.local/share/nvim/lazy/nvim-treesitter/plugin/nvim-treesitter.lua
061.839  000.870  000.067: sourcing nvim_exec2() called at /Users/lijia/dotfile/nvim/.config/nvim/init.lua:0
061.850  000.001  000.001: sourcing nvim_exec2() called at /Users/lijia/dotfile/nvim/.config/nvim/init.lua:0
061.856  000.001  000.001: sourcing nvim_exec2() called at /Users/lijia/dotfile/nvim/.config/nvim/init.lua:0
063.665  000.111  000.111: require('nvim-treesitter.locals')
063.668  000.363  000.251: require('nvim-treesitter.incremental_selection')
063.807  000.115  000.115: require('nvim-treesitter.indent')
064.411  000.243  000.243: require('nvim-treesitter.highlight')
064.425  000.002  000.002: sourcing nvim_exec2() called at /Users/lijia/dotfile/nvim/.config/nvim/init.lua:0
064.430  000.001  000.001: sourcing nvim_exec2() called at /Users/lijia/dotfile/nvim/.config/nvim/init.lua:0
064.590  000.127  000.127: require('nvim-dap-virtual-text')
064.622  000.007  000.007: sourcing nvim_exec2() called at /Users/lijia/dotfile/nvim/.config/nvim/init.lua:0
064.632  000.009  000.009: sourcing nvim_exec2() called at /Users/lijia/dotfile/nvim/.config/nvim/init.lua:0
064.797  000.071  000.071: sourcing /Users/lijia/.local/share/nvim/lazy/nvim-dap/plugin/dap.lua
064.799  000.121  000.050: sourcing nvim_exec2() called at /Users/lijia/dotfile/nvim/.config/nvim/init.lua:0
064.823  000.001  000.001: sourcing nvim_exec2() called at /Users/lijia/dotfile/nvim/.config/nvim/init.lua:0
064.827  000.001  000.001: sourcing nvim_exec2() called at /Users/lijia/dotfile/nvim/.config/nvim/init.lua:0
064.835  000.003  000.003: sourcing nvim_exec2() called at /Users/lijia/dotfile/nvim/.config/nvim/init.lua:0
065.245  000.137  000.137: require('dap.repl')
065.639  000.092  000.092: require('dap.local-lua')
065.789  000.141  000.141: require('dap.openocd')
066.153  000.001  000.001: sourcing nvim_exec2() called at /Users/lijia/dotfile/nvim/.config/nvim/init.lua:0
066.162  000.001  000.001: sourcing nvim_exec2() called at /Users/lijia/dotfile/nvim/.config/nvim/init.lua:0
066.814  000.104  000.104: require('dap-cortex-debug.config')
067.245  000.125  000.125: require('dap-cortex-debug.utils')
067.247  000.214  000.089: require('dap-cortex-debug.tcp')
067.740  000.172  000.172: require('dap-cortex-debug.buffer')
067.746  000.294  000.121: require('dap-cortex-debug.terminal.base')
067.937  000.190  000.190: require('dap-cortex-debug.terminal.codes')
067.943  000.603  000.118: require('dap-cortex-debug.terminal.term')
068.093  000.149  000.149: require('dap-cortex-debug.terminal.buf')
068.094  000.847  000.095: require('dap-cortex-debug.terminal')
068.097  001.175  000.114: require('dap-cortex-debug.consoles')
068.387  000.142  000.142: require('dap-cortex-debug.hexdump')
068.391  000.294  000.152: require('dap-cortex-debug.memory')
068.393  001.579  000.109: require('dap-cortex-debug.listeners')
068.516  000.122  000.122: require('dap-cortex-debug.adapter')
068.616  000.100  000.100: require('dap-cortex-debug.requests')
068.618  002.452  000.548: require('dap-cortex-debug')
068.766  000.113  000.113: require('dap.ext.vscode')
068.795  003.005  000.438: require('dap-cortex-debug')
068.883  000.083  000.083: require('dap.probe_rs')
068.972  000.079  000.079: require('dap.pyocd')
069.004  016.045  003.852: require('dap')
069.140  000.135  000.135: require('dap.progress')
069.985  000.840  000.840: require('utils.usb_status')
069.990  063.353  000.119: sourcing /Users/lijia/.config/nvim/init.lua
070.000  000.722: sourcing vimrc file(s)
070.129  000.034  000.034: sourcing /Users/lijia/Downloads/nvim-macos-arm64/share/nvim/runtime/filetype.lua
070.320  000.044  000.044: sourcing /Users/lijia/Downloads/nvim-macos-arm64/share/nvim/runtime/syntax/synload.vim
070.365  000.170  000.126: sourcing /Users/lijia/Downloads/nvim-macos-arm64/share/nvim/runtime/syntax/syntax.vim
070.373  000.170: inits 3
072.372  001.999: reading ShaDa
072.526  000.154: opening buffers
072.612  000.085: BufEnter autocommands
072.614  000.002: editing files in windows
072.762  000.148: VimEnter autocommands
072.863  000.002  000.002: sourcing nvim_exec2() called at UIEnter Autocommands for "*":0
072.870  000.001  000.001: sourcing nvim_exec2() called at UIEnter Autocommands for "*":0
073.636  000.110  000.110: require('bufferline.lazy')
073.786  000.117  000.117: require('bufferline.commands')
073.951  000.163  000.163: require('bufferline.config')
073.958  001.081  000.692: require('bufferline')
074.418  000.128  000.128: require('bufferline.utils')
074.420  000.325  000.197: require('bufferline.groups')
074.592  000.099  000.099: require('bufferline.constants')
074.741  000.147  000.147: require('bufferline.colors')
075.372  000.329  000.329: require('bufferline.highlights')
076.045  000.146  000.146: require('vim.version')
076.889  001.129  000.983: require('bufferline.hover')
077.696  000.697  000.697: require('bufferline.ui')
078.080  001.509: UIEnter autocommands
078.081  000.001: before starting main loop
078.759  000.189  000.189: require('bufferline.pick')
078.965  000.203  000.203: require('bufferline.duplicates')
079.333  000.024  000.024: sourcing nvim_exec2()
079.349  000.384  000.359: require('bufferline.diagnostics')
079.686  000.336  000.336: require('bufferline.models')
079.688  001.379  000.267: require('bufferline.buffers')
079.997  000.191  000.191: require('bufferline.state')
080.261  000.090  000.090: require('bufferline.numbers')
080.499  000.082  000.082: require('bufferline.sorters')
080.633  000.116  000.116: require('bufferline.tabpages')
080.729  000.080  000.080: require('bufferline.offset')
080.806  000.074  000.074: require('bufferline.custom_area')
081.271  001.178: first screen update
081.272  000.001: --- NVIM STARTED ---

