--- Startup times for process: Primary/TUI ---

times in msec
 clock   self+sourced   self:  sourced script
 clock   elapsed:              other lines

000.000  000.000: --- NVIM STARTING ---
000.058  000.057: event init
000.142  000.085: early init
000.396  000.254: locale set
000.421  000.025: init first window
000.646  000.225: inits 1
000.653  000.007: window checked
000.655  000.001: parsing arguments
000.927  000.022  000.022: require('vim.shared')
000.976  000.025  000.025: require('vim.inspect')
000.998  000.018  000.018: require('vim._options')
000.999  000.071  000.029: require('vim._editor')
001.000  000.123  000.030: require('vim._init_packages')
001.001  000.224: init lua interpreter
001.246  000.245: expanding arguments
001.255  000.009: inits 2
001.408  000.154: init highlight
001.409  000.001: --- NVIM STARTED ---

--- Startup times for process: Embedded ---

times in msec
 clock   self+sourced   self:  sourced script
 clock   elapsed:              other lines

000.000  000.000: --- NVIM STARTING ---
000.045  000.045: event init
000.123  000.078: early init
000.328  000.205: locale set
000.362  000.034: init first window
000.558  000.196: inits 1
000.568  000.010: window checked
000.569  000.001: parsing arguments
000.821  000.018  000.018: require('vim.shared')
000.869  000.026  000.026: require('vim.inspect')
000.892  000.017  000.017: require('vim._options')
000.892  000.070  000.026: require('vim._editor')
000.893  000.115  000.027: require('vim._init_packages')
000.894  000.210: init lua interpreter
002.161  001.267: expanding arguments
002.170  000.008: inits 2
002.333  000.164: init highlight
002.334  000.001: waiting for UI
002.411  000.077: done waiting for UI
002.413  000.002: clear screen
002.436  000.003  000.003: require('vim.keymap')
002.675  000.261  000.258: require('vim._defaults')
002.676  000.003: init default mappings & autocommands
003.058  000.035  000.035: sourcing /opt/homebrew/Cellar/neovim/HEAD-75b8051/share/nvim/runtime/ftplugin.vim
003.119  000.015  000.015: sourcing /opt/homebrew/Cellar/neovim/HEAD-75b8051/share/nvim/runtime/indent.vim
003.291  000.027  000.027: require('vim.fs')
003.490  000.160  000.160: require('vim.uri')
003.500  000.251  000.064: require('vim.loader')
004.400  000.087  000.087: require('vim.treesitter.language')
004.453  000.051  000.051: require('vim.func')
004.510  000.055  000.055: require('vim.func._memoize')
004.521  000.330  000.136: require('vim.treesitter.query')
004.619  000.097  000.097: require('vim.treesitter._range')
004.626  000.546  000.118: require('vim.treesitter.languagetree')
004.629  000.750  000.205: require('vim.treesitter')
004.720  000.090  000.090: require('vim.treesitter._fold')
004.725  000.003  000.003: require('vim.F')
005.136  001.614  000.771: require('config.options')
005.325  000.074  000.074: require('user.keybindings')
005.690  000.553  000.479: require('config.keymaps')
005.910  000.219  000.219: require('config.autocmds')
006.499  000.428  000.428: require('lazy')
006.513  000.009  000.009: require('ffi')
006.578  000.062  000.062: require('lazy.stats')
006.706  000.106  000.106: require('lazy.core.util')
006.786  000.079  000.079: require('lazy.core.config')
006.958  000.096  000.096: require('lazy.core.handler')
007.030  000.071  000.071: require('lazy.core.plugin')
007.033  000.246  000.079: require('lazy.core.loader')
007.306  000.063  000.063: require('plugins.Comment')
007.434  000.122  000.122: require('plugins.aerial')
007.521  000.077  000.077: require('plugins.bufferline')
007.599  000.064  000.064: require('plugins.colorscheme')
007.676  000.073  000.073: require('plugins.conform')
007.734  000.050  000.050: require('plugins.dressing')
007.808  000.070  000.070: require('plugins.dropbar')
007.964  000.145  000.145: require('plugins.eyeliner')
008.065  000.086  000.086: require('plugins.gitsigns')
008.193  000.090  000.090: require('plugins.hlchunk')
008.256  000.059  000.059: require('plugins.mason')
008.330  000.070  000.070: require('plugins.nvim-autopairs')
008.400  000.061  000.061: require('plugins.nvim-bqf')
008.477  000.068  000.068: require('plugins.nvim-cmp')
008.566  000.065  000.065: require('plugins.nvim-dap')
008.728  000.134  000.134: require('plugins.nvim-dap-cortex-debug')
008.862  000.115  000.115: require('plugins.nvim-lint')
009.030  000.144  000.144: require('plugins.nvim-tree')
009.155  000.080  000.080: require('plugins.scope')
009.253  000.090  000.090: require('plugins.surround')
009.345  000.067  000.067: require('plugins.telescope')
009.413  000.058  000.058: require('plugins.toggleterm')
009.494  000.064  000.064: require('plugins.treesitter')
009.548  000.048  000.048: require('plugins.web-devicons')
009.748  000.070  000.070: require('lazy.core.handler.cmd')
009.808  000.059  000.059: require('lazy.core.handler.event')
009.873  000.064  000.064: require('lazy.core.handler.ft')
009.944  000.063  000.063: require('lazy.core.handler.keys')
011.732  000.207  000.207: sourcing /opt/homebrew/Cellar/neovim/HEAD-75b8051/share/nvim/runtime/filetype.lua
012.955  000.110  000.110: require('night-owl.palette')
012.957  000.246  000.136: require('night-owl.theme')
012.958  000.305  000.059: require('night-owl.config')
012.959  000.447  000.142: require('night-owl')
013.459  000.996  000.549: sourcing /Users/huayue/.local/share/nvim/lazy/night-owl.nvim/colors/night-owl.lua
013.677  000.046  000.046: sourcing /opt/homebrew/Cellar/neovim/HEAD-75b8051/share/nvim/runtime/plugin/editorconfig.lua
013.738  000.014  000.014: sourcing /opt/homebrew/Cellar/neovim/HEAD-75b8051/share/nvim/runtime/plugin/gzip.vim
013.823  000.044  000.044: sourcing /opt/homebrew/Cellar/neovim/HEAD-75b8051/share/nvim/runtime/plugin/man.lua
014.328  000.111  000.111: sourcing /opt/homebrew/Cellar/neovim/HEAD-75b8051/share/nvim/runtime/pack/dist/opt/matchit/plugin/matchit.vim
014.338  000.466  000.355: sourcing /opt/homebrew/Cellar/neovim/HEAD-75b8051/share/nvim/runtime/plugin/matchit.vim
014.484  000.092  000.092: sourcing /opt/homebrew/Cellar/neovim/HEAD-75b8051/share/nvim/runtime/plugin/matchparen.vim
014.538  000.008  000.008: sourcing /opt/homebrew/Cellar/neovim/HEAD-75b8051/share/nvim/runtime/plugin/netrwPlugin.vim
014.642  000.055  000.055: sourcing /opt/homebrew/Cellar/neovim/HEAD-75b8051/share/nvim/runtime/plugin/nvim.lua
014.767  000.057  000.057: sourcing /opt/homebrew/Cellar/neovim/HEAD-75b8051/share/nvim/runtime/plugin/osc52.lua
014.949  000.088  000.088: sourcing /opt/homebrew/Cellar/neovim/HEAD-75b8051/share/nvim/runtime/plugin/rplugin.vim
015.062  000.034  000.034: sourcing /opt/homebrew/Cellar/neovim/HEAD-75b8051/share/nvim/runtime/plugin/shada.vim
015.124  000.009  000.009: sourcing /opt/homebrew/Cellar/neovim/HEAD-75b8051/share/nvim/runtime/plugin/spellfile.vim
015.172  000.006  000.006: sourcing /opt/homebrew/Cellar/neovim/HEAD-75b8051/share/nvim/runtime/plugin/tarPlugin.vim
015.265  000.045  000.045: sourcing /opt/homebrew/Cellar/neovim/HEAD-75b8051/share/nvim/runtime/plugin/tohtml.lua
015.325  000.008  000.008: sourcing /opt/homebrew/Cellar/neovim/HEAD-75b8051/share/nvim/runtime/plugin/tutor.vim
015.384  000.009  000.009: sourcing /opt/homebrew/Cellar/neovim/HEAD-75b8051/share/nvim/runtime/plugin/zipPlugin.vim
015.529  000.052  000.052: sourcing /Users/huayue/.local/share/nvim/lazy/night-owl.nvim/after/plugin/autocmds.lua
015.549  009.638  004.254: require('config.lazy')
015.550  012.325  000.050: sourcing /Users/huayue/.config/nvim/init.lua
015.559  000.507: sourcing vimrc file(s)
015.742  000.040  000.040: sourcing /opt/homebrew/Cellar/neovim/HEAD-75b8051/share/nvim/runtime/filetype.lua
015.929  000.035  000.035: sourcing /opt/homebrew/Cellar/neovim/HEAD-75b8051/share/nvim/runtime/syntax/synload.vim
015.966  000.149  000.114: sourcing /opt/homebrew/Cellar/neovim/HEAD-75b8051/share/nvim/runtime/syntax/syntax.vim
015.972  000.224: inits 3
017.933  001.961: reading ShaDa
018.001  000.069: opening buffers
018.017  000.016: BufEnter autocommands
018.018  000.001: editing files in windows
018.147  000.099  000.099: require('user.largefile')
018.251  000.098  000.098: require('user.statusline')
018.253  000.037: VimEnter autocommands
018.949  000.067  000.067: require('vim.ui')
018.952  000.140  000.072: require('dressing.patch')
018.954  000.440  000.300: require('dressing')
018.959  000.506  000.066: sourcing /Users/huayue/.local/share/nvim/lazy/dressing.nvim/plugin/dressing.lua
019.188  000.175  000.175: require('dressing.config')
019.758  000.495  000.495: require('hlchunk')
019.838  000.079  000.079: require('hlchunk.utils.string')
020.410  000.148  000.148: require('hlchunk.utils.array')
020.421  000.325  000.177: require('hlchunk.base_mod')
020.660  000.062  000.062: require('hlchunk.utils.ts_node_type.cpp')
020.768  000.107  000.107: require('hlchunk.utils.ts_node_type.lua')
020.769  000.240  000.072: require('hlchunk.utils.ts_node_type')
020.771  000.350  000.110: require('hlchunk.utils.utils')
020.881  000.108  000.108: require('hlchunk.utils.filetype')
020.914  000.962  000.179: require('hlchunk.mods.blank')
021.031  000.116  000.116: require('hlchunk.mods.chunk')
021.134  000.103  000.103: require('hlchunk.mods.context')
021.195  000.060  000.060: require('hlchunk.mods.indent')
021.247  000.051  000.051: require('hlchunk.mods.line_num')
021.248  001.407  000.115: require('hlchunk.mods')
021.449  000.534: UIEnter autocommands
021.627  000.099  000.099: sourcing /opt/homebrew/Cellar/neovim/HEAD-75b8051/share/nvim/runtime/autoload/provider/clipboard.vim
021.630  000.082: before starting main loop
021.768  000.138: first screen update
021.769  000.001: --- NVIM STARTED ---

--- Startup times for process: Primary/TUI ---

times in msec
 clock   self+sourced   self:  sourced script
 clock   elapsed:              other lines

000.000  000.000: --- NVIM STARTING ---
000.046  000.045: event init
000.130  000.084: early init
000.368  000.238: locale set
000.393  000.024: init first window
000.611  000.219: inits 1
000.627  000.015: window checked
000.628  000.001: parsing arguments
000.878  000.018  000.018: require('vim.shared')
000.918  000.020  000.020: require('vim.inspect')
000.941  000.017  000.017: require('vim._options')
000.942  000.062  000.025: require('vim._editor')
000.943  000.108  000.027: require('vim._init_packages')
000.943  000.208: init lua interpreter
001.162  000.219: expanding arguments
001.168  000.006: inits 2
001.313  000.144: init highlight
001.314  000.001: --- NVIM STARTED ---

--- Startup times for process: Embedded ---

times in msec
 clock   self+sourced   self:  sourced script
 clock   elapsed:              other lines

000.000  000.000: --- NVIM STARTING ---
000.034  000.034: event init
000.097  000.063: early init
000.252  000.156: locale set
000.268  000.016: init first window
000.431  000.163: inits 1
000.440  000.009: window checked
000.441  000.001: parsing arguments
000.699  000.018  000.018: require('vim.shared')
000.740  000.020  000.020: require('vim.inspect')
000.763  000.018  000.018: require('vim._options')
000.764  000.063  000.026: require('vim._editor')
000.765  000.095  000.014: require('vim._init_packages')
000.766  000.230: init lua interpreter
002.306  001.540: expanding arguments
002.322  000.016: inits 2
002.491  000.168: init highlight
002.491  000.001: waiting for UI
002.580  000.089: done waiting for UI
002.582  000.002: clear screen
002.617  000.004  000.004: require('vim.keymap')
002.954  000.370  000.366: require('vim._defaults')
002.956  000.004: init default mappings & autocommands
003.412  000.056  000.056: sourcing /opt/homebrew/Cellar/neovim/HEAD-75b8051/share/nvim/runtime/ftplugin.vim
003.497  000.017  000.017: sourcing /opt/homebrew/Cellar/neovim/HEAD-75b8051/share/nvim/runtime/indent.vim
003.710  000.031  000.031: require('vim.fs')
003.881  000.164  000.164: require('vim.uri')
003.893  000.232  000.037: require('vim.loader')
004.848  000.124  000.124: require('vim.treesitter.language')
004.924  000.074  000.074: require('vim.func')
005.025  000.099  000.099: require('vim.func._memoize')
005.063  000.448  000.151: require('vim.treesitter.query')
005.130  000.066  000.066: require('vim.treesitter._range')
005.136  000.617  000.102: require('vim.treesitter.languagetree')
005.140  000.819  000.202: require('vim.treesitter')
005.296  000.155  000.155: require('vim.treesitter._fold')
005.302  000.004  000.004: require('vim.F')
005.786  001.874  000.896: require('config.options')
005.955  000.072  000.072: require('user.keybindings')
006.396  000.609  000.537: require('config.keymaps')
006.857  000.460  000.460: require('config.autocmds')
007.462  000.441  000.441: require('lazy')
007.476  000.009  000.009: require('ffi')
007.547  000.068  000.068: require('lazy.stats')
007.640  000.073  000.073: require('lazy.core.util')
007.750  000.110  000.110: require('lazy.core.config')
007.925  000.064  000.064: require('lazy.core.handler')
007.997  000.072  000.072: require('lazy.core.plugin')
008.001  000.250  000.114: require('lazy.core.loader')
008.315  000.059  000.059: require('plugins.Comment')
008.381  000.061  000.061: require('plugins.aerial')
008.486  000.094  000.094: require('plugins.bufferline')
008.574  000.077  000.077: require('plugins.colorscheme')
008.654  000.075  000.075: require('plugins.conform')
008.817  000.126  000.126: require('plugins.dressing')
009.043  000.209  000.209: require('plugins.dropbar')
009.141  000.082  000.082: require('plugins.eyeliner')
009.291  000.143  000.143: require('plugins.gitsigns')
009.391  000.091  000.091: require('plugins.hlchunk')
009.501  000.106  000.106: require('plugins.mason')
009.592  000.085  000.085: require('plugins.nvim-autopairs')
009.687  000.085  000.085: require('plugins.nvim-bqf')
009.870  000.156  000.156: require('plugins.nvim-cmp')
010.148  000.168  000.168: require('plugins.nvim-dap')
010.265  000.072  000.072: require('plugins.nvim-dap-cortex-debug')
010.379  000.104  000.104: require('plugins.nvim-lint')
010.449  000.066  000.066: require('plugins.nvim-tree')
010.517  000.061  000.061: require('plugins.scope')
010.572  000.048  000.048: require('plugins.surround')
010.686  000.107  000.107: require('plugins.telescope')
010.792  000.056  000.056: require('plugins.toggleterm')
010.849  000.053  000.053: require('plugins.treesitter')
010.932  000.049  000.049: require('plugins.web-devicons')
011.175  000.086  000.086: require('lazy.core.handler.event')
011.238  000.061  000.061: require('lazy.core.handler.ft')
011.324  000.085  000.085: require('lazy.core.handler.cmd')
011.409  000.084  000.084: require('lazy.core.handler.keys')
013.309  000.203  000.203: sourcing /opt/homebrew/Cellar/neovim/HEAD-75b8051/share/nvim/runtime/filetype.lua
014.437  000.114  000.114: require('night-owl.palette')
014.440  000.194  000.080: require('night-owl.theme')
014.454  000.262  000.068: require('night-owl.config')
014.456  000.437  000.175: require('night-owl')
015.095  001.111  000.674: sourcing /Users/huayue/.local/share/nvim/lazy/night-owl.nvim/colors/night-owl.lua
015.371  000.072  000.072: sourcing /opt/homebrew/Cellar/neovim/HEAD-75b8051/share/nvim/runtime/plugin/editorconfig.lua
015.430  000.013  000.013: sourcing /opt/homebrew/Cellar/neovim/HEAD-75b8051/share/nvim/runtime/plugin/gzip.vim
015.558  000.076  000.076: sourcing /opt/homebrew/Cellar/neovim/HEAD-75b8051/share/nvim/runtime/plugin/man.lua
016.049  000.115  000.115: sourcing /opt/homebrew/Cellar/neovim/HEAD-75b8051/share/nvim/runtime/pack/dist/opt/matchit/plugin/matchit.vim
016.059  000.445  000.330: sourcing /opt/homebrew/Cellar/neovim/HEAD-75b8051/share/nvim/runtime/plugin/matchit.vim
016.205  000.091  000.091: sourcing /opt/homebrew/Cellar/neovim/HEAD-75b8051/share/nvim/runtime/plugin/matchparen.vim
016.257  000.008  000.008: sourcing /opt/homebrew/Cellar/neovim/HEAD-75b8051/share/nvim/runtime/plugin/netrwPlugin.vim
016.352  000.057  000.057: sourcing /opt/homebrew/Cellar/neovim/HEAD-75b8051/share/nvim/runtime/plugin/nvim.lua
016.450  000.051  000.051: sourcing /opt/homebrew/Cellar/neovim/HEAD-75b8051/share/nvim/runtime/plugin/osc52.lua
016.596  000.105  000.105: sourcing /opt/homebrew/Cellar/neovim/HEAD-75b8051/share/nvim/runtime/plugin/rplugin.vim
016.688  000.032  000.032: sourcing /opt/homebrew/Cellar/neovim/HEAD-75b8051/share/nvim/runtime/plugin/shada.vim
016.748  000.009  000.009: sourcing /opt/homebrew/Cellar/neovim/HEAD-75b8051/share/nvim/runtime/plugin/spellfile.vim
016.795  000.007  000.007: sourcing /opt/homebrew/Cellar/neovim/HEAD-75b8051/share/nvim/runtime/plugin/tarPlugin.vim
016.922  000.084  000.084: sourcing /opt/homebrew/Cellar/neovim/HEAD-75b8051/share/nvim/runtime/plugin/tohtml.lua
016.994  000.009  000.009: sourcing /opt/homebrew/Cellar/neovim/HEAD-75b8051/share/nvim/runtime/plugin/tutor.vim
017.082  000.007  000.007: sourcing /opt/homebrew/Cellar/neovim/HEAD-75b8051/share/nvim/runtime/plugin/zipPlugin.vim
017.266  000.048  000.048: sourcing /Users/huayue/.local/share/nvim/lazy/night-owl.nvim/after/plugin/autocmds.lua
017.287  010.429  004.503: require('config.lazy')
017.395  000.108  000.108: require('user.statusline')
017.396  013.758  000.046: sourcing /Users/huayue/.config/nvim/init.lua
017.411  000.625: sourcing vimrc file(s)
017.580  000.027  000.027: sourcing /opt/homebrew/Cellar/neovim/HEAD-75b8051/share/nvim/runtime/filetype.lua
017.765  000.036  000.036: sourcing /opt/homebrew/Cellar/neovim/HEAD-75b8051/share/nvim/runtime/syntax/synload.vim
017.804  000.148  000.112: sourcing /opt/homebrew/Cellar/neovim/HEAD-75b8051/share/nvim/runtime/syntax/syntax.vim
017.809  000.222: inits 3
019.632  001.824: reading ShaDa
019.686  000.054: opening buffers
019.709  000.023: BufEnter autocommands
019.710  000.001: editing files in windows
019.815  000.086  000.086: require('user.largefile')
019.824  000.028: VimEnter autocommands
020.602  000.077  000.077: require('vim.ui')
020.604  000.146  000.069: require('dressing.patch')
020.618  000.546  000.399: require('dressing')
020.623  000.609  000.063: sourcing /Users/huayue/.local/share/nvim/lazy/dressing.nvim/plugin/dressing.lua
020.917  000.263  000.263: require('dressing.config')
021.408  000.406  000.406: require('hlchunk')
021.468  000.059  000.059: require('hlchunk.utils.string')
021.701  000.054  000.054: require('hlchunk.utils.array')
021.707  000.115  000.061: require('hlchunk.base_mod')
021.960  000.059  000.059: require('hlchunk.utils.ts_node_type.cpp')
022.062  000.101  000.101: require('hlchunk.utils.ts_node_type.lua')
022.063  000.260  000.100: require('hlchunk.utils.ts_node_type')
022.065  000.357  000.097: require('hlchunk.utils.utils')
022.173  000.107  000.107: require('hlchunk.utils.filetype')
022.218  000.687  000.107: require('hlchunk.mods.blank')
022.354  000.135  000.135: require('hlchunk.mods.chunk')
022.478  000.123  000.123: require('hlchunk.mods.context')
022.539  000.060  000.060: require('hlchunk.mods.indent')
022.591  000.051  000.051: require('hlchunk.mods.line_num')
022.593  001.122  000.065: require('hlchunk.mods')
022.893  000.610: UIEnter autocommands
023.074  000.104  000.104: sourcing /opt/homebrew/Cellar/neovim/HEAD-75b8051/share/nvim/runtime/autoload/provider/clipboard.vim
023.077  000.080: before starting main loop
023.340  000.143  000.143: require('vim.diagnostic')
024.010  000.268  000.268: require('lint')
024.017  000.481  000.213: require('lint')
024.055  000.355: first screen update
024.058  000.003: --- NVIM STARTED ---

--- Startup times for process: Primary/TUI ---

times in msec
 clock   self+sourced   self:  sourced script
 clock   elapsed:              other lines

000.000  000.000: --- NVIM STARTING ---
000.065  000.065: event init
000.157  000.092: early init
000.518  000.361: locale set
000.554  000.036: init first window
000.799  000.245: inits 1
000.804  000.005: window checked
000.805  000.001: parsing arguments
001.065  000.019  000.019: require('vim.shared')
001.107  000.021  000.021: require('vim.inspect')
001.130  000.017  000.017: require('vim._options')
001.131  000.064  000.026: require('vim._editor')
001.132  000.116  000.033: require('vim._init_packages')
001.133  000.212: init lua interpreter
001.386  000.253: expanding arguments
001.392  000.006: inits 2
001.538  000.146: init highlight
001.539  000.000: --- NVIM STARTED ---

--- Startup times for process: Embedded ---

times in msec
 clock   self+sourced   self:  sourced script
 clock   elapsed:              other lines

000.000  000.000: --- NVIM STARTING ---
000.044  000.043: event init
000.115  000.072: early init
000.302  000.187: locale set
000.322  000.020: init first window
000.509  000.187: inits 1
000.517  000.008: window checked
000.519  000.001: parsing arguments
000.761  000.018  000.018: require('vim.shared')
000.802  000.021  000.021: require('vim.inspect')
000.824  000.017  000.017: require('vim._options')
000.825  000.063  000.026: require('vim._editor')
000.826  000.108  000.026: require('vim._init_packages')
000.827  000.201: init lua interpreter
002.386  001.559: expanding arguments
002.397  000.011: inits 2
002.554  000.157: init highlight
002.555  000.001: waiting for UI
002.639  000.084: done waiting for UI
002.641  000.002: clear screen
002.669  000.004  000.004: require('vim.keymap')
002.920  000.277  000.273: require('vim._defaults')
002.921  000.004: init default mappings & autocommands
003.319  000.040  000.040: sourcing /opt/homebrew/Cellar/neovim/HEAD-75b8051/share/nvim/runtime/ftplugin.vim
003.378  000.015  000.015: sourcing /opt/homebrew/Cellar/neovim/HEAD-75b8051/share/nvim/runtime/indent.vim
003.586  000.031  000.031: require('vim.fs')
003.807  000.177  000.177: require('vim.uri')
003.816  000.277  000.068: require('vim.loader')
004.691  000.099  000.099: require('vim.treesitter.language')
004.767  000.074  000.074: require('vim.func')
004.865  000.096  000.096: require('vim.func._memoize')
004.875  000.404  000.135: require('vim.treesitter.query')
004.939  000.063  000.063: require('vim.treesitter._range')
004.946  000.562  000.095: require('vim.treesitter.languagetree')
004.949  000.772  000.210: require('vim.treesitter')
005.056  000.106  000.106: require('vim.treesitter._fold')
005.062  000.003  000.003: require('vim.F')
005.529  001.700  000.818: require('config.options')
005.689  000.065  000.065: require('user.keybindings')
005.988  000.458  000.393: require('config.keymaps')
006.202  000.212  000.212: require('config.autocmds')
006.763  000.401  000.401: require('lazy')
006.777  000.009  000.009: require('ffi')
006.839  000.060  000.060: require('lazy.stats')
006.970  000.110  000.110: require('lazy.core.util')
007.048  000.078  000.078: require('lazy.core.config')
007.204  000.088  000.088: require('lazy.core.handler')
007.273  000.068  000.068: require('lazy.core.plugin')
007.277  000.227  000.070: require('lazy.core.loader')
007.570  000.053  000.053: require('plugins.Comment')
007.663  000.087  000.087: require('plugins.aerial')
007.754  000.081  000.081: require('plugins.bufferline')
007.851  000.085  000.085: require('plugins.colorscheme')
007.938  000.072  000.072: require('plugins.conform')
008.068  000.088  000.088: require('plugins.dressing')
008.129  000.056  000.056: require('plugins.dropbar')
008.201  000.065  000.065: require('plugins.gitsigns')
008.297  000.089  000.089: require('plugins.hlchunk')
008.423  000.121  000.121: require('plugins.mason')
008.522  000.095  000.095: require('plugins.nvim-autopairs')
008.592  000.061  000.061: require('plugins.nvim-bqf')
008.682  000.073  000.073: require('plugins.nvim-cmp')
008.847  000.143  000.143: require('plugins.nvim-dap')
009.177  000.128  000.128: require('plugins.nvim-dap-cortex-debug')
009.308  000.087  000.087: require('plugins.nvim-fFHighlight')
009.374  000.058  000.058: require('plugins.nvim-lint')
009.445  000.066  000.066: require('plugins.nvim-tree')
009.523  000.071  000.071: require('plugins.scope')
009.643  000.103  000.103: require('plugins.surround')
009.734  000.061  000.061: require('plugins.telescope')
009.830  000.063  000.063: require('plugins.toggleterm')
009.893  000.059  000.059: require('plugins.treesitter')
009.946  000.047  000.047: require('plugins.web-devicons')
010.138  000.065  000.065: require('lazy.core.handler.cmd')
010.197  000.057  000.057: require('lazy.core.handler.keys')
010.260  000.061  000.061: require('lazy.core.handler.event')
010.348  000.087  000.087: require('lazy.core.handler.ft')
012.223  000.216  000.216: sourcing /opt/homebrew/Cellar/neovim/HEAD-75b8051/share/nvim/runtime/filetype.lua
012.466  000.041  000.041: sourcing /opt/homebrew/Cellar/neovim/HEAD-75b8051/share/nvim/runtime/plugin/editorconfig.lua
012.515  000.011  000.011: sourcing /opt/homebrew/Cellar/neovim/HEAD-75b8051/share/nvim/runtime/plugin/gzip.vim
012.601  000.047  000.047: sourcing /opt/homebrew/Cellar/neovim/HEAD-75b8051/share/nvim/runtime/plugin/man.lua
013.078  000.110  000.110: sourcing /opt/homebrew/Cellar/neovim/HEAD-75b8051/share/nvim/runtime/pack/dist/opt/matchit/plugin/matchit.vim
013.087  000.439  000.329: sourcing /opt/homebrew/Cellar/neovim/HEAD-75b8051/share/nvim/runtime/plugin/matchit.vim
013.213  000.079  000.079: sourcing /opt/homebrew/Cellar/neovim/HEAD-75b8051/share/nvim/runtime/plugin/matchparen.vim
013.270  000.008  000.008: sourcing /opt/homebrew/Cellar/neovim/HEAD-75b8051/share/nvim/runtime/plugin/netrwPlugin.vim
013.348  000.036  000.036: sourcing /opt/homebrew/Cellar/neovim/HEAD-75b8051/share/nvim/runtime/plugin/nvim.lua
013.428  000.033  000.033: sourcing /opt/homebrew/Cellar/neovim/HEAD-75b8051/share/nvim/runtime/plugin/osc52.lua
013.553  000.085  000.085: sourcing /opt/homebrew/Cellar/neovim/HEAD-75b8051/share/nvim/runtime/plugin/rplugin.vim
013.644  000.033  000.033: sourcing /opt/homebrew/Cellar/neovim/HEAD-75b8051/share/nvim/runtime/plugin/shada.vim
013.696  000.009  000.009: sourcing /opt/homebrew/Cellar/neovim/HEAD-75b8051/share/nvim/runtime/plugin/spellfile.vim
013.753  000.006  000.006: sourcing /opt/homebrew/Cellar/neovim/HEAD-75b8051/share/nvim/runtime/plugin/tarPlugin.vim
013.824  000.031  000.031: sourcing /opt/homebrew/Cellar/neovim/HEAD-75b8051/share/nvim/runtime/plugin/tohtml.lua
013.882  000.008  000.008: sourcing /opt/homebrew/Cellar/neovim/HEAD-75b8051/share/nvim/runtime/plugin/tutor.vim
013.927  000.007  000.007: sourcing /opt/homebrew/Cellar/neovim/HEAD-75b8051/share/nvim/runtime/plugin/zipPlugin.vim
013.979  007.777  003.621: require('config.lazy')
014.065  000.085  000.085: require('user.statusline')
014.066  010.551  000.042: sourcing /Users/huayue/.config/nvim/init.lua
014.078  000.551: sourcing vimrc file(s)
014.265  000.036  000.036: sourcing /opt/homebrew/Cellar/neovim/HEAD-75b8051/share/nvim/runtime/filetype.lua
014.433  000.034  000.034: sourcing /opt/homebrew/Cellar/neovim/HEAD-75b8051/share/nvim/runtime/syntax/synload.vim
014.471  000.133  000.100: sourcing /opt/homebrew/Cellar/neovim/HEAD-75b8051/share/nvim/runtime/syntax/syntax.vim
014.476  000.229: inits 3
016.366  001.890: reading ShaDa
016.415  000.048: opening buffers
016.440  000.025: BufEnter autocommands
016.441  000.001: editing files in windows
016.552  000.085  000.085: require('user.largefile')
016.557  000.032: VimEnter autocommands
017.204  000.110  000.110: require('vim.ui')
017.212  000.182  000.072: require('dressing.patch')
017.215  000.450  000.268: require('dressing')
017.222  000.488  000.038: sourcing /Users/huayue/.local/share/nvim/lazy/dressing.nvim/plugin/dressing.lua
017.531  000.275  000.275: require('dressing.config')
018.006  000.366  000.366: require('hlchunk')
018.078  000.071  000.071: require('hlchunk.utils.string')
018.449  000.084  000.084: require('hlchunk.utils.array')
018.459  000.232  000.149: require('hlchunk.base_mod')
018.747  000.105  000.105: require('hlchunk.utils.ts_node_type.cpp')
018.899  000.151  000.151: require('hlchunk.utils.ts_node_type.lua')
018.903  000.339  000.084: require('hlchunk.utils.ts_node_type')
018.912  000.452  000.113: require('hlchunk.utils.utils')
019.039  000.126  000.126: require('hlchunk.utils.filetype')
019.054  000.903  000.092: require('hlchunk.mods.blank')
019.375  000.321  000.321: require('hlchunk.mods.chunk')
019.525  000.148  000.148: require('hlchunk.mods.context')
019.642  000.116  000.116: require('hlchunk.mods.indent')
019.699  000.056  000.056: require('hlchunk.mods.line_num')
019.701  001.620  000.075: require('hlchunk.mods')
020.155  000.777: UIEnter autocommands
020.335  000.101  000.101: sourcing /opt/homebrew/Cellar/neovim/HEAD-75b8051/share/nvim/runtime/autoload/provider/clipboard.vim
020.376  000.121: before starting main loop
020.641  000.147  000.147: require('vim.diagnostic')
021.295  000.329  000.329: require('lint')
021.301  000.528  000.199: require('lint')
021.344  000.292: first screen update
021.344  000.001: --- NVIM STARTED ---

