

times in msec
 clock   self+sourced   self:  sourced script
 clock   elapsed:              other lines

000.003  000.003: --- NVIM STARTING ---
000.063  000.060: event init
000.142  000.079: early init
000.421  000.278: locale set
000.462  000.041: init first window
000.700  000.238: inits 1
000.713  000.013: window checked
000.714  000.001: parsing arguments
001.018  000.039  000.039: require('vim.shared')
001.112  000.026  000.026: require('vim._meta')
001.113  000.093  000.067: require('vim._editor')
001.114  000.167  000.036: require('vim._init_packages')
001.115  000.234: init lua interpreter
002.357  001.242: expanding arguments
002.386  000.029: inits 2
002.594  000.208: init highlight
002.595  000.001: waiting for UI
002.685  000.090: done waiting for UI
002.690  000.005: clear screen
002.816  000.126: init default mappings & autocommands
003.267  000.044  000.044: sourcing /opt/homebrew/Cellar/neovim/0.9.1/share/nvim/runtime/ftplugin.vim
003.347  000.021  000.021: sourcing /opt/homebrew/Cellar/neovim/0.9.1/share/nvim/runtime/indent.vim
003.668  000.186  000.186: require('config.options')
004.211  000.422  000.422: require('lazy')
004.233  000.010  000.010: require('ffi')
004.265  000.030  000.030: require('vim.loader')
004.342  000.024  000.024: require('vim.fs')
004.450  000.163  000.139: require('lazy.stats')
004.596  000.118  000.118: require('lazy.core.util')
004.791  000.194  000.194: require('lazy.core.config')
004.958  000.071  000.071: require('lazy.core.handler')
005.036  000.076  000.076: require('lazy.core.plugin')
005.040  000.248  000.101: require('lazy.core.loader')
005.507  000.074  000.074: require('plugins.Comment')
005.593  000.078  000.078: require('plugins.Persisted')
005.668  000.067  000.067: require('plugins.aerial')
005.741  000.062  000.062: require('plugins.bufferline')
005.808  000.062  000.062: require('plugins.colorscheme')
005.924  000.111  000.111: require('plugins.devicons')
006.023  000.093  000.093: require('plugins.dressing')
006.109  000.082  000.082: require('plugins.flash')
006.218  000.102  000.102: require('plugins.gitsigns')
006.414  000.188  000.188: require('plugins.harpoon')
006.538  000.110  000.110: require('plugins.im-select')
006.622  000.078  000.078: require('plugins.indent-blankline')
006.704  000.077  000.077: require('plugins.lspconfig')
006.911  000.103  000.103: require('plugins.luaSnip')
007.050  000.129  000.129: require('plugins.lualine')
007.178  000.107  000.107: require('plugins.mason')
007.250  000.064  000.064: require('plugins.mason-lspconfig')
007.336  000.078  000.078: require('plugins.neo-tree')
007.425  000.079  000.079: require('plugins.neoclip')
007.620  000.188  000.188: require('plugins.neorg')
007.908  000.082  000.082: require('plugins.noice')
007.984  000.064  000.064: require('plugins.notify')
008.041  000.051  000.051: require('plugins.null-ls')
008.121  000.076  000.076: require('plugins.nvim-autopairs')
008.203  000.077  000.077: require('plugins.nvim-bqf')
008.266  000.055  000.055: require('plugins.nvim-cmp')
008.326  000.049  000.049: require('plugins.nvim-fundo')
008.382  000.051  000.051: require('plugins.nvim-treesitter-context')
008.438  000.052  000.052: require('plugins.nvim-ufo')
008.498  000.054  000.054: require('plugins.nvim-window')
008.642  000.053  000.053: require('plugins.portal')
008.708  000.052  000.052: require('plugins.sentiment')
008.771  000.058  000.058: require('plugins.surround')
008.834  000.057  000.057: require('plugins.tabout')
008.901  000.063  000.063: require('plugins.telescope')
008.966  000.004  000.004: require('vim.keymap')
008.988  000.079  000.075: require('plugins.todo-comments')
009.096  000.060  000.060: require('plugins.toggleterm')
009.167  000.054  000.054: require('plugins.treesitter')
009.267  000.058  000.058: require('plugins.vim-illuminate')
009.353  000.081  000.081: require('plugins.vim-visual-multi')
009.422  000.065  000.065: require('plugins.web-tools')
009.555  000.060  000.060: require('plugins.which-key')
010.286  000.102  000.102: require('lazy.core.handler.event')
010.356  000.067  000.067: require('lazy.core.handler.ft')
010.471  000.074  000.074: require('lazy.core.handler.cmd')
010.561  000.088  000.088: require('lazy.core.handler.keys')
011.234  000.009  000.009: sourcing /Users/huayue/.local/share/nvim/lazy/web-tools.nvim/ftdetect/http.vim
011.287  000.006  000.006: sourcing /Users/huayue/.local/share/nvim/lazy/web-tools.nvim/ftdetect/hurl.vim
012.839  000.624  000.624: require('vim.filetype')
012.841  000.671  000.048: sourcing /Users/huayue/.local/share/nvim/lazy/neorg/ftdetect/norg.lua
013.118  000.199  000.199: sourcing /opt/homebrew/Cellar/neovim/0.9.1/share/nvim/runtime/filetype.lua
013.483  000.313  000.313: require('kanagawa')
014.481  000.098  000.098: require('kanagawa.utils')
016.106  001.730  001.632: sourcing /Users/huayue/.local/share/nvim/lazy/kanagawa.nvim/colors/kanagawa.vim
016.311  000.068  000.068: sourcing /opt/homebrew/Cellar/neovim/0.9.1/share/nvim/runtime/plugin/editorconfig.lua
016.369  000.007  000.007: sourcing /opt/homebrew/Cellar/neovim/0.9.1/share/nvim/runtime/plugin/health.vim
016.500  000.086  000.086: sourcing /opt/homebrew/Cellar/neovim/0.9.1/share/nvim/runtime/plugin/man.lua
016.663  000.113  000.113: sourcing /opt/homebrew/Cellar/neovim/0.9.1/share/nvim/runtime/plugin/matchparen.vim
016.790  000.080  000.080: sourcing /opt/homebrew/Cellar/neovim/0.9.1/share/nvim/runtime/plugin/nvim.lua
016.980  000.006  000.006: sourcing /Users/huayue/.local/share/nvim/rplugin.vim
016.985  000.146  000.139: sourcing /opt/homebrew/Cellar/neovim/0.9.1/share/nvim/runtime/plugin/rplugin.vim
017.086  000.055  000.055: sourcing /opt/homebrew/Cellar/neovim/0.9.1/share/nvim/runtime/plugin/shada.vim
017.152  000.013  000.013: sourcing /opt/homebrew/Cellar/neovim/0.9.1/share/nvim/runtime/plugin/spellfile.vim
017.216  013.546  005.246: require('config.lazy')
017.220  013.757  000.025: sourcing /Users/huayue/.config/nvim/init.lua
017.232  000.595: sourcing vimrc file(s)
017.379  000.079  000.079: sourcing /opt/homebrew/Cellar/neovim/0.9.1/share/nvim/runtime/filetype.lua
017.561  000.047  000.047: sourcing /opt/homebrew/Cellar/neovim/0.9.1/share/nvim/runtime/syntax/synload.vim
017.608  000.165  000.118: sourcing /opt/homebrew/Cellar/neovim/0.9.1/share/nvim/runtime/syntax/syntax.vim
017.616  000.140: inits 3
019.644  002.028: reading ShaDa
019.753  000.109: opening buffers
019.754  000.001: BufEnter autocommands
019.755  000.001: editing files in windows
019.772  000.017: VimEnter autocommands
019.803  000.031: UIEnter autocommands
020.020  000.134  000.134: sourcing /opt/homebrew/Cellar/neovim/0.9.1/share/nvim/runtime/autoload/provider/clipboard.vim
020.024  000.087: before starting main loop
020.224  000.201: first screen update
020.225  000.001: --- NVIM STARTED ---


times in msec
 clock   self+sourced   self:  sourced script
 clock   elapsed:              other lines

000.004  000.004: --- NVIM STARTING ---
000.081  000.077: event init
000.246  000.165: early init
000.437  000.192: locale set
000.489  000.051: init first window
008.711  008.222: inits 1
008.725  000.014: window checked
008.726  000.002: parsing arguments
009.061  000.032  000.032: require('vim.shared')
009.137  000.030  000.030: require('vim._meta')
009.138  000.074  000.045: require('vim._editor')
009.139  000.143  000.036: require('vim._init_packages')
009.143  000.274: init lua interpreter
009.444  000.301: expanding arguments
009.460  000.016: inits 2
009.676  000.216: init highlight
